2024-02-27 08:26:33 Using browser-only version of superagent in non-browser environment
2024-02-27 08:26:33 Configuration directory URI: 'file:///home/akash/.arduinoIDE'
2024-02-27 08:26:33 Configuring to accept webviews on '^.+\.webview\..+$' hostname.
2024-02-27 08:26:33 2024-02-27T02:56:33.712Z root INFO Backend Object.initialize: 6.3 ms [Finished 0.629 s after backend start]
2024-02-27 08:26:33 2024-02-27T02:56:33.716Z root INFO Backend Object.configure: 5.4 ms [Finished 0.629 s after backend start]
2024-02-27 08:26:33 2024-02-27T02:56:33.716Z root INFO Backend a.onStart: 1.8 ms [Finished 0.629 s after backend start]
2024-02-27 08:26:33 2024-02-27T02:56:33.717Z root INFO Backend a.configure: 0.5 ms [Finished 0.675 s after backend start]
2024-02-27 08:26:33 2024-02-27T02:56:33.718Z root INFO Backend u.onStart: 0.4 ms [Finished 0.675 s after backend start]
2024-02-27 08:26:33 2024-02-27T02:56:33.719Z root INFO Backend d.configure: 0.2 ms [Finished 0.675 s after backend start]
2024-02-27 08:26:33 2024-02-27T02:56:33.720Z root INFO Backend d.initialize: 46.3 ms [Finished 0.676 s after backend start]
2024-02-27 08:26:33 2024-02-27T02:56:33.720Z root INFO Backend c.onStart: 0.4 ms [Finished 0.676 s after backend start]
2024-02-27 08:26:33 2024-02-27T02:56:33.721Z root INFO Backend s.configure: 5.3 ms [Finished 0.681 s after backend start]
2024-02-27 08:26:33 2024-02-27T02:56:33.722Z config INFO >>> Initializing CLI configuration...
2024-02-27 08:26:33 2024-02-27T02:56:33.723Z root INFO Backend c.initialize: 0.7 ms [Finished 0.682 s after backend start]
2024-02-27 08:26:33 2024-02-27T02:56:33.723Z root INFO Backend P.onStart: 0.9 ms [Finished 0.682 s after backend start]
2024-02-27 08:26:33 2024-02-27T02:56:33.724Z config INFO Loading CLI configuration from /home/akash/.arduinoIDE/arduino-cli.yaml...
2024-02-27 08:26:33 2024-02-27T02:56:33.724Z daemon INFO Starting daemon from /opt/arduino-ide_2.2.1_Linux_64bit/resources/app/lib/backend/resources/arduino-cli...
2024-02-27 08:26:33 2024-02-27T02:56:33.724Z root INFO Backend s.initialize: 0.4 ms [Finished 0.684 s after backend start]
2024-02-27 08:26:33 2024-02-27T02:56:33.725Z root INFO Backend w.onStart: 1.0 ms [Finished 0.684 s after backend start]
2024-02-27 08:26:33 2024-02-27T02:56:33.725Z root INFO Backend r.configure: 2.1 ms [Finished 0.684 s after backend start]
2024-02-27 08:26:33 2024-02-27T02:56:33.725Z discovery-log INFO start
2024-02-27 08:26:33 2024-02-27T02:56:33.725Z discovery-log INFO start new deferred
2024-02-27 08:26:33 2024-02-27T02:56:33.725Z root INFO Backend d.initialize: 0.5 ms [Finished 0.685 s after backend start]
2024-02-27 08:26:33 2024-02-27T02:56:33.725Z root INFO Backend y.onStart: 2.5 ms [Finished 0.687 s after backend start]
2024-02-27 08:26:33 2024-02-27T02:56:33.725Z root INFO Backend r.configure: 2.2 ms [Finished 0.688 s after backend start]
2024-02-27 08:26:33 2024-02-27T02:56:33.725Z root INFO Backend s.onStart: 0.6 ms [Finished 0.689 s after backend start]
2024-02-27 08:26:33 2024-02-27T02:56:33.725Z root INFO Backend h.configure: 0.6 ms [Finished 0.689 s after backend start]
2024-02-27 08:26:33 2024-02-27T02:56:33.725Z root INFO Backend a.configure: 0.3 ms [Finished 0.690 s after backend start]
2024-02-27 08:26:33 2024-02-27T02:56:33.725Z root INFO Backend s.configure: 0.1 ms [Finished 0.690 s after backend start]
2024-02-27 08:26:33 2024-02-27T02:56:33.725Z root INFO Backend l.configure: 0.1 ms [Finished 0.690 s after backend start]
2024-02-27 08:26:33 2024-02-27T02:56:33.728Z root INFO Theia app listening on http://localhost:40505.
2024-02-27 08:26:33 2024-02-27T02:56:33.729Z root INFO Finished starting backend application: 3.6 ms [Finished 0.693 s after backend start]
2024-02-27 08:26:33 2024-02-27T02:56:33.730Z root WARN The local plugin referenced by local-dir:/home/akash/.arduinoIDE/plugins does not exist.
2024-02-27 08:26:33 2024-02-27T02:56:33.730Z root WARN The local plugin referenced by local-dir:/home/akash/.arduinoIDE/extensions does not exist.
2024-02-27 08:26:33 2024-02-27T02:56:33.776Z config INFO Loaded CLI configuration: {"board_manager":{"additional_urls":["http://arduino.esp8266.com/stable/package_esp8266com_index.json"]},"build_cache":{"compilations_before_purge":10,"ttl":"720h0m0s"},"daemon":{"port":"50051"},"directories":{"builtin":{"libraries":"/home/akash/.arduino15/libraries"},"data":"/home/akash/.arduino15","downloads":"/home/akash/.arduino15/staging","user":"/home/akash/doc/code/Arduino"},"library":{"enable_unsafe_install":false},"locale":"en","logging":{"file":"","format":"text","level":"info"},"metrics":{"addr":":9090","enabled":true},"output":{"no_color":false},"sketch":{"always_export_binaries":false},"updater":{"enable_notification":true}}
2024-02-27 08:26:33 2024-02-27T02:56:33.776Z config INFO 'directories.data' and 'directories.user' are set in the CLI configuration model.
2024-02-27 08:26:33 2024-02-27T02:56:33.776Z config INFO Loaded the CLI configuration.
2024-02-27 08:26:33 2024-02-27T02:56:33.786Z config INFO Mapped the CLI configuration: {"dataDirUri":"file:///home/akash/.arduino15","sketchDirUri":"file:///home/akash/doc/code/Arduino","additionalUrls":["http://arduino.esp8266.com/stable/package_esp8266com_index.json"],"network":"none","locale":"en"}
2024-02-27 08:26:33 2024-02-27T02:56:33.787Z config INFO Validating the CLI configuration...
2024-02-27 08:26:33 2024-02-27T02:56:33.787Z config INFO The CLI config is valid.
2024-02-27 08:26:33 2024-02-27T02:56:33.787Z config INFO <<< Initialized the CLI configuration.
2024-02-27 08:26:33 2024-02-27T02:56:33.800Z root INFO Resolve plugins list: 76.2 ms [Finished 0.764 s after backend start]
2024-02-27 08:26:33 2024-02-27T02:56:33.989Z daemon INFO time="2024-02-27T08:26:33+05:30" level=info msg="Using config file: /home/akash/.arduinoIDE/arduino-cli.yaml"
time="2024-02-27T08:26:33+05:30" level=info msg="arduino-cli version 0.34.0"
time="2024-02-27T08:26:33+05:30" level=info msg="Executing `arduino-cli daemon`"
Daemon is now listening on 127.0.0.1:34703
{"IP":"127.0.0.1","Port":"34703"}
2024-02-27 08:26:33 2024-02-27T02:56:33.989Z daemon INFO Daemon is running.
2024-02-27 08:26:34 2024-02-27T02:56:34.205Z daemon INFO time="2024-02-27T08:26:34+05:30" level=info msg="Checking signature" index=/home/akash/.arduino15/package_index.json signatureFile=/home/akash/.arduino15/package_index.json.sig trusted=true
time="2024-02-27T08:26:34+05:30" level=info msg="Missing signature file" index=/home/akash/.arduino15/package_esp8266com_index.json
time="2024-02-27T08:26:34+05:30" level=info msg="Loading hardware from: /home/akash/.arduino15/packages"
time="2024-02-27T08:26:34+05:30" level=info msg="Loading package arduino from: /home/akash/.arduino15/packages/arduino/hardware"
time="2024-02-27T08:26:34+05:30" level=info msg="Missing signature file" index=/home/akash/.arduino15/packages/arduino/hardware/avr/1.8.6/installed.json
time="2024-02-27T08:26:34+05:30" level=info msg="Adding monitor tool" protocol=serial tool="builtin:serial-monitor"
time="2024-02-27T08:26:34+05:30" level=info msg="Loaded platform" platform="arduino:avr@1.8.6"
time="2024-02-27T08:26:34+05:30" level=info msg="Checking existence of 'tools' path: /home/akash/.arduino15/packages/arduino/tools"
time="2024-02-27T08:26:34+05:30" level=info msg="Loading tools from dir: /home/akash/.arduino15/packages/arduino/tools"
time="2024-02-27T08:26:34+05:30" level=info msg="Loaded tool" tool="arduino:arduinoOTA@1.3.0"
time="2024-02-27T08:26:34+05:30" level=info msg="Loaded tool" tool="arduino:avr-gcc@7.3.0-atmel3.6.1-arduino7"
time="2024-02-27T08:26:34+05:30" level=info msg="Loaded tool" tool="arduino:avrdude@6.3.0-arduino17"
time="2024-02-27T08:26:34+05:30" level=info msg="Loading package builtin from: /home/akash/.arduino15/packages/builtin"
time="2024-02-27T08:26:34+05:30" level=info msg="Checking existence of 'tools' path: /home/akash/.arduino15/packages/builtin/tools"
time="2024-02-27T08:26:34+05:30" level=info msg="Loading tools from dir: /home/akash/.arduino15/packages/builtin/tools"
time="2024-02-27T08:26:34+05:30" level=info msg="Loaded tool" tool="builtin:ctags@5.8-arduino11"
time="2024-02-27T08:26:34+05:30" level=info msg="Loaded tool" tool="builtin:dfu-discovery@0.1.2"
time="2024-02-27T08:26:34+05:30" level=info msg="Loaded tool" tool="builtin:mdns-discovery@1.0.9"
time="2024-02-27T08:26:34+05:30" level=info msg="Loaded tool" tool="builtin:serial-discovery@1.4.0"
time="2024-02-27T08:26:34+05:30" level=info msg="Loaded tool" tool="builtin:serial-monitor@0.13.0"
time="2024-02-27T08:26:34+05:30" level=info msg="Loading package esp8266 from: /home/akash/.arduino15/packages/esp8266/hardware"
time="2024-02-27T08:26:34+05:30" level=info msg="Adding monitor tool" protocol=serial tool="builtin:serial-monitor"
time="2024-02-27T08:26:34+05:30" level=info msg="Loaded platform" platform="esp8266:esp8266@3.1.2"
time="2024-02-27T08:26:34+05:30" level=info msg="Checking existence of 'tools' path: /home/akash/.arduino15/packages/esp8266/tools"
time="2024-02-27T08:26:34+05:30" level=info msg="Loading tools from dir: /home/akash/.arduino15/packages/esp8266/tools"
time="2024-02-27T08:26:34+05:30" level=info msg="Loaded tool" tool="esp8266:mklittlefs@3.1.0-gcc10.3-e5f9fec"
time="2024-02-27T08:26:34+05:30" level=info msg="Loaded tool" tool="esp8266:mkspiffs@3.1.0-gcc10.3-e5f9fec"
time="2024-02-27T08:26:34+05:30" level=info msg="Loaded tool" tool="esp8266:python3@3.7.2-post1"
time="2024-02-27T08:26:34+05:30" level=info msg="Loaded tool" tool="esp8266:xtensa-lx106-elf-gcc@3.1.0-gcc10.3-e5f9fec"
time="2024-02-27T08:26:34+05:30" level=info msg="Adding libraries dir" dir=/home/akash/.arduino15/packages/esp8266/hardware/esp8266/3.1.2/libraries location=platform
time="2024-02-27T08:26:34+05:30" level=info msg="Adding libraries dir" dir=/home/akash/.arduino15/packages/arduino/hardware/avr/1.8.6/libraries location=platform
time="2024-02-27T08:26:34+05:30" level=info msg="Loading libraries index file" index=/home/akash/.arduino15/library_index.json
2024-02-27 08:26:34 2024-02-27T02:56:34.602Z daemon INFO time="2024-02-27T08:26:34+05:30" level=info msg="Adding libraries dir" dir=/home/akash/.arduino15/libraries location=ide
time="2024-02-27T08:26:34+05:30" level=info msg="Adding libraries dir" dir=/home/akash/doc/code/Arduino/libraries location=user
2024-02-27 08:26:34 2024-02-27T02:56:34.760Z discovery-log INFO start request start watch
2024-02-27 08:26:34 2024-02-27T02:56:34.760Z discovery-log INFO start requested start watch
2024-02-27 08:26:34 2024-02-27T02:56:34.760Z discovery-log INFO start resolved watching
2024-02-27 08:26:34 2024-02-27T02:56:34.792Z daemon INFO time="2024-02-27T08:26:34+05:30" level=info msg="starting discovery builtin:serial-discovery process"
time="2024-02-27T08:26:34+05:30" level=info msg="starting discovery builtin:mdns-discovery process"
time="2024-02-27T08:26:34+05:30" level=info msg="started discovery builtin:serial-discovery process"
time="2024-02-27T08:26:34+05:30" level=info msg="sending command HELLO 1 \"arduino-cli 0.34.0\" to discovery builtin:serial-discovery"
time="2024-02-27T08:26:34+05:30" level=info msg="started discovery builtin:mdns-discovery process"
time="2024-02-27T08:26:34+05:30" level=info msg="sending command HELLO 1 \"arduino-cli 0.34.0\" to discovery builtin:mdns-discovery"
time="2024-02-27T08:26:34+05:30" level=info msg="from discovery builtin:serial-discovery received message type: hello, message: OK, protocol version: 1"
time="2024-02-27T08:26:34+05:30" level=info msg="sending command START_SYNC to discovery builtin:serial-discovery"
time="2024-02-27T08:26:34+05:30" level=info msg="from discovery builtin:serial-discovery received message type: start_sync, message: OK"
time="2024-02-27T08:26:34+05:30" level=info msg="from discovery builtin:serial-discovery received message type: add, port: /dev/ttyS4"
time="2024-02-27T08:26:34+05:30" level=info msg="from discovery builtin:serial-discovery received message type: add, port: /dev/ttyUSB0"
time="2024-02-27T08:26:34+05:30" level=info msg="from discovery builtin:mdns-discovery received message type: hello, message: OK, protocol version: 1"
time="2024-02-27T08:26:34+05:30" level=info msg="sending command START_SYNC to discovery builtin:mdns-discovery"
time="2024-02-27T08:26:34+05:30" level=info msg="from discovery builtin:mdns-discovery received message type: start_sync, message: OK"
2024-02-27 08:26:34 2024-02-27T02:56:34.795Z discovery-log INFO {"eventType":"add","port":{"matchingBoardsList":[],"port":{"address":"/dev/ttyS4","label":"/dev/ttyS4","protocol":"serial","protocolLabel":"Serial Port","propertiesMap":[],"hardwareId":""}},"error":""}
2024-02-27 08:26:34 2024-02-27T02:56:34.796Z discovery-log INFO {"eventType":"add","port":{"matchingBoardsList":[],"port":{"address":"/dev/ttyUSB0","label":"/dev/ttyUSB0","protocol":"serial","protocolLabel":"Serial Port (USB)","propertiesMap":[["pid","0x7523"],["serialNumber",""],["vid","0x1a86"]],"hardwareId":""}},"error":""}
2024-02-27 08:26:35 2024-02-27T02:56:35.373Z root INFO Deploy plugins list: 76.2 ms [Finished 2.338 s after backend start]
2024-02-27 08:26:36 2024-02-27T02:56:36.305Z root WARN Frontend a.configure took longer than the expected maximum 100 milliseconds: 282.6 ms [Finished 2.380 s after frontend start]
2024-02-27 08:26:36 2024-02-27T02:56:36.314Z root WARN A command editor.action.toggleStickyScroll is already registered.
2024-02-27 08:26:36 2024-02-27T02:56:36.327Z sketches-service WARN Warning! The request sketch path was different than the response sketch path from the CLI. This could be a potential bug. Request: </home/akash/doc/code/Arduino/pixel_led_art/pixel_led_art.ino>, response: </home/akash/doc/code/Arduino/pixel_led_art>.
2024-02-27 08:26:36 2024-02-27T02:56:36.583Z root INFO Start frontend contributions: 725.5 ms [Finished 2.641 s after frontend start]
2024-02-27 08:26:36 2024-02-27T02:56:36.583Z root INFO Changed application state from 'init' to 'started_contributions'.
2024-02-27 08:26:36 2024-02-27T02:56:36.604Z root INFO Changed application state from 'started_contributions' to 'attached_shell'.
2024-02-27 08:26:36 2024-02-27T02:56:36.605Z root INFO >>> Restoring the layout state...
2024-02-27 08:26:36 2024-02-27T02:56:36.605Z root INFO ------- SERIALIZED LAYOUT DATA -------
2024-02-27 08:26:36 2024-02-27T02:56:36.606Z root INFO {"version":5,"mainPanel":{"main":{"type":"tab-area","widgets":[{"constructionOptions":{"factoryId":"code-editor-opener","options":{"counter":0,"kind":"navigatable","uri":"file:///home/akash/doc/code/Arduino/pixel_led_art/pixel_led_art.ino"}},"innerWidgetState":"{\"cursorState\":[{\"inSelectionMode\":false,\"selectionStart\":{\"lineNumber\":61,\"column\":4},\"position\":{\"lineNumber\":61,\"column\":4}}],\"viewState\":{\"scrollLeft\":0,\"firstPosition\":{\"lineNumber\":54,\"column\":1},\"firstPositionDeltaTop\":-9},\"contributionsState\":{\"editor.contrib.folding\":{\"lineCount\":132,\"provider\":\"indent\",\"foldedImports\":false},\"editor.contrib.wordHighlighter\":false}}"}],"currentIndex":0}},"mainPanelPinned":[false],"bottomPanel":{"config":{"main":{"type":"tab-area","widgets":[{"constructionOptions":{"factoryId":"outputView"},"innerWidgetState":"{\"locked\":false}"}],"currentIndex":0}},"pinned":[false],"size":256,"expanded":true},"leftPanel":{"type":"sidepanel","items":[{"widget":{"constructionOptions":{"factoryId":"arduino-sketchbook-widget"}},"rank":1,"expanded":false,"pinned":false},{"widget":{"constructionOptions":{"factoryId":"boards-list-widget"}},"rank":2,"expanded":false,"pinned":false},{"widget":{"constructionOptions":{"factoryId":"library-list-widget"}},"rank":3,"expanded":true,"pinned":false},{"widget":{"constructionOptions":{"factoryId":"debug"},"innerWidgetState":"{\"parts\":[{\"partId\":\"debug:threads:-1\",\"collapsed\":false,\"hidden\":false,\"relativeSize\":1.384,\"originalContainerId\":\"debug:view-container:-1\",\"originalContainerTitle\":{\"label\":\"debug\",\"iconClass\":\"codicon codicon-debug-alt\",\"closeable\":true},\"widget\":{\"constructionOptions\":{\"factoryId\":\"debug:threads\"},\"innerWidgetState\":\"{}\"}},{\"partId\":\"debug:frames:-1\",\"collapsed\":false,\"hidden\":false,\"relativeSize\":1.384,\"originalContainerId\":\"debug:view-container:-1\",\"originalContainerTitle\":{\"label\":\"debug\",\"iconClass\":\"codicon codicon-debug-alt\",\"closeable\":true},\"widget\":{\"constructionOptions\":{\"factoryId\":\"debug:frames\"},\"innerWidgetState\":\"{}\"}},{\"partId\":\"debug:variables:-1\",\"collapsed\":false,\"hidden\":false,\"relativeSize\":1.384,\"originalContainerId\":\"debug:view-container:-1\",\"originalContainerTitle\":{\"label\":\"debug\",\"iconClass\":\"codicon codicon-debug-alt\",\"closeable\":true},\"widget\":{\"constructionOptions\":{\"factoryId\":\"debug:variables\"},\"innerWidgetState\":\"{}\"}},{\"partId\":\"debug:watch:-1\",\"collapsed\":false,\"hidden\":false,\"relativeSize\":1.384,\"originalContainerId\":\"debug:view-container:-1\",\"originalContainerTitle\":{\"label\":\"debug\",\"iconClass\":\"codicon codicon-debug-alt\",\"closeable\":true},\"widget\":{\"constructionOptions\":{\"factoryId\":\"debug:watch\"},\"innerWidgetState\":\"{}\"}},{\"partId\":\"debug:breakpoints:-1\",\"collapsed\":false,\"hidden\":false,\"relativeSize\":1.384,\"originalContainerId\":\"debug:view-container:-1\",\"originalContainerTitle\":{\"label\":\"debug\",\"iconClass\":\"codicon codicon-debug-alt\",\"closeable\":true},\"widget\":{\"constructionOptions\":{\"factoryId\":\"debug:breakpoints\"},\"innerWidgetState\":\"{}\"}},{\"partId\":\"plugin-view:cortex-debug.peripherals\",\"collapsed\":true,\"hidden\":true,\"originalContainerId\":\"debug:view-container:-1\",\"originalContainerTitle\":{\"label\":\"debug\",\"iconClass\":\"codicon codicon-debug-alt\",\"closeable\":true},\"widget\":{\"constructionOptions\":{\"factoryId\":\"plugin-view\",\"options\":{\"id\":\"plugin-view:cortex-debug.peripherals\",\"viewId\":\"cortex-debug.peripherals\"}},\"innerWidgetState\":\"{\\\"label\\\":\\\"Cortex Peripherals\\\",\\\"widgets\\\":[],\\\"suppressUpdateViewVisibility\\\":false,\\\"currentViewContainerId\\\":\\\"debug\\\"}\"}},{\"partId\":\"plugin-view:cortex-debug.registers\",\"collapsed\":true,\"hidden\":true,\"originalContainerId\":\"debug:view-container:-1\",\"originalContainerTitle\":{\"label\":\"debug\",\"iconClass\":\"codicon codicon-debug-alt\",\"closeable\":true},\"widget\":{\"constructionOptions\":{\"factoryId\":\"plugin-view\",\"options\":{\"id\":\"plugin-view:cortex-debug.registers\",\"viewId\":\"cortex-debug.registers\"}},\"innerWidgetState\":\"{\\\"label\\\":\\\"Cortex Registers\\\",\\\"widgets\\\":[],\\\"suppressUpdateViewVisibility\\\":false,\\\"currentViewContainerId\\\":\\\"debug\\\"}\"}}],\"title\":{\"label\":\"debug\",\"iconClass\":\"codicon codicon-debug-alt\",\"closeable\":true}}"},"rank":4,"expanded":false,"pinned":false},{"widget":{"constructionOptions":{"factoryId":"search-view-container"},"innerWidgetState":"{\"parts\":[{\"partId\":\"search-in-workspace\",\"collapsed\":false,\"hidden\":false,\"originalContainerId\":\"search-view-container\",\"originalContainerTitle\":{\"label\":\"Search\",\"iconClass\":\"codicon codicon-search\",\"closeable\":true},\"widget\":{\"constructionOptions\":{\"factoryId\":\"search-in-workspace\"},\"innerWidgetState\":\"{\\\"matchCaseState\\\":{\\\"className\\\":\\\"codicon codicon-case-sensitive\\\",\\\"enabled\\\":false,\\\"title\\\":\\\"Match Case\\\"},\\\"wholeWordState\\\":{\\\"className\\\":\\\"codicon codicon-whole-word\\\",\\\"enabled\\\":false,\\\"title\\\":\\\"Match Whole Word\\\"},\\\"regExpState\\\":{\\\"className\\\":\\\"codicon codicon-regex\\\",\\\"enabled\\\":false,\\\"title\\\":\\\"Use Regular Expression\\\"},\\\"includeIgnoredState\\\":{\\\"className\\\":\\\"codicon codicon-eye\\\",\\\"enabled\\\":false,\\\"title\\\":\\\"Include Ignored Files\\\"},\\\"showSearchDetails\\\":false,\\\"searchInWorkspaceOptions\\\":{\\\"matchCase\\\":false,\\\"matchWholeWord\\\":false,\\\"useRegExp\\\":false,\\\"includeIgnored\\\":false,\\\"include\\\":[],\\\"exclude\\\":[],\\\"maxResults\\\":2000},\\\"searchTerm\\\":\\\"\\\",\\\"replaceTerm\\\":\\\"\\\",\\\"showReplaceField\\\":false,\\\"searchHistoryState\\\":{\\\"history\\\":[],\\\"index\\\":0},\\\"replaceHistoryState\\\":{\\\"history\\\":[],\\\"index\\\":0},\\\"includeHistoryState\\\":{\\\"history\\\":[],\\\"index\\\":0},\\\"excludeHistoryState\\\":{\\\"history\\\":[],\\\"index\\\":0}}\"}}],\"title\":{\"label\":\"Search\",\"iconClass\":\"fa fa-arduino-search\",\"closeable\":true}}"},"rank":5,"expanded":false,"pinned":false}],"size":270},"rightPanel":{"type":"sidepanel","items":[]},"activeWidgetId":"code-editor-opener:file:///home/akash/doc/code/Arduino/pixel_led_art/pixel_led_art.ino:0"}
2024-02-27 08:26:36 2024-02-27T02:56:36.606Z root INFO ------- END SERIALIZED LAYOUT DATA -------
2024-02-27 08:26:36 2024-02-27T02:56:36.686Z root INFO [1b4c239a-6726-42de-b7e1-16e047de94af] Waiting for backend deployment: 156.4 ms [Finished 2.791 s after frontend start]
2024-02-27 08:26:37 2024-02-27T02:56:37.566Z root ERROR Request initAuthSession failed with error: The name is not activatable Error: The name is not activatable
2024-02-27 08:26:37 2024-02-27T02:56:37.567Z root INFO [hosted-plugin: 1766] PLUGIN_HOST(1766) starting instance
2024-02-27 08:26:38 2024-02-27T02:56:38.432Z root INFO [1b4c239a-6726-42de-b7e1-16e047de94af] Sync of 23 plugins: 1747.5 ms [Finished 4.538 s after frontend start]
2024-02-27 08:26:39 2024-02-27T02:56:39.126Z root INFO <<< The layout has been successfully restored.
2024-02-27 08:26:39 2024-02-27T02:56:39.267Z root INFO Initialize the workbench layout: 2535.2 ms [Finished 5.233 s after frontend start]
2024-02-27 08:26:39 2024-02-27T02:56:39.272Z root INFO Changed application state from 'attached_shell' to 'initialized_layout'.
2024-02-27 08:26:39 2024-02-27T02:56:39.272Z root INFO [1b4c239a-6726-42de-b7e1-16e047de94af] Loading plugin contributions
2024-02-27 08:26:39 2024-02-27T02:56:39.273Z root INFO [1b4c239a-6726-42de-b7e1-16e047de94af] Load contributions of 23 plugins: 138.7 ms [Finished 5.373 s after frontend start]
2024-02-27 08:26:39 2024-02-27T02:56:39.286Z root WARN 'cpp' language is remapped from 'source.cpp.embedded.macro' to 'source.cpp' scope
2024-02-27 08:26:39 2024-02-27T02:56:39.286Z root WARN a registered grammar configuration for 'cpp' language is overridden
2024-02-27 08:26:41 2024-02-27T02:56:41.060Z root ERROR ---- !!!SLOW!!! DURATION: search took 703.509 ms. Args: [{"query":"","type":"All","topic":"All"}] ----
2024-02-27 08:26:41 2024-02-27T02:56:41.106Z root INFO Replace loading indicator with ready workbench UI (animation): 986.4 ms [Finished 6.364 s after frontend start]
2024-02-27 08:26:41 2024-02-27T02:56:41.106Z root INFO Changed application state from 'initialized_layout' to 'ready'.
2024-02-27 08:26:41 2024-02-27T02:56:41.106Z root WARN Linked preference "workbench.colorCustomizations" not found. Source: "editor.bracketPairColorization.enabled"
2024-02-27 08:26:41 2024-02-27T02:56:41.111Z root INFO Frontend application start: 4796.2 ms [Finished 8.029 s after backend start]
2024-02-27 08:26:41 2024-02-27T02:56:41.550Z sketches-service WARN Mismatching sketch file <ir_remote_nodemcu.ino> and sketch folder name <tmp>. Skipping
2024-02-27 08:26:41 2024-02-27T02:56:41.550Z sketches-service WARN Mismatching sketch file <Radio.ino> and sketch folder name <esp8266-Radio>. Skipping
2024-02-27 08:26:41 2024-02-27T02:56:41.550Z sketches-service WARN Mismatching sketch file <smocktest.ino> and sketch folder name <src>. Skipping
2024-02-27 08:26:41 2024-02-27T02:56:41.551Z sketches-service WARN Mismatching sketch file <Radio.ino> and sketch folder name <esp8266-Radio333333333333333333333333>. Skipping
2024-02-27 08:26:41 2024-02-27T02:56:41.551Z sketches-service WARN Mismatching sketch file <vertical_gauges.ino> and sketch folder name <vertical_Gauges>. Skipping
2024-02-27 08:26:41 2024-02-27T02:56:41.551Z sketches-service WARN Mismatching sketch file <esp8266-Radio.ino> and sketch folder name <esp8266-Radio333333333333333333333333>. Skipping
2024-02-27 08:26:41 2024-02-27T02:56:41.569Z daemon INFO time="2024-02-27T08:26:41+05:30" level=info msg="Updating libraries index"
time="2024-02-27T08:26:41+05:30" level=info msg="Updating index" url="https://downloads.arduino.cc/packages/package_index.tar.bz2"
time="2024-02-27T08:26:41+05:30" level=info msg="Starting download" url="https://downloads.arduino.cc/libraries/library_index.tar.bz2"
time="2024-02-27T08:26:41+05:30" level=info msg="Starting download" url="https://downloads.arduino.cc/packages/package_index.tar.bz2"
2024-02-27 08:26:41 2024-02-27T02:56:41.574Z root INFO core-client-provider [library-index] Downloading index: library_index.tar.bz2

2024-02-27 08:26:41 2024-02-27T02:56:41.575Z root INFO core-client-provider [platform-index] Downloading index: package_index.tar.bz2

2024-02-27 08:26:41 2024-02-27T02:56:41.894Z sketches-service WARN Mismatching sketch file <ir_remote_nodemcu.ino> and sketch folder name <tmp>. Skipping
2024-02-27 08:26:41 2024-02-27T02:56:41.894Z sketches-service WARN Mismatching sketch file <Radio.ino> and sketch folder name <esp8266-Radio>. Skipping
2024-02-27 08:26:41 2024-02-27T02:56:41.894Z sketches-service WARN Mismatching sketch file <smocktest.ino> and sketch folder name <src>. Skipping
2024-02-27 08:26:41 2024-02-27T02:56:41.894Z sketches-service WARN Mismatching sketch file <Radio.ino> and sketch folder name <esp8266-Radio333333333333333333333333>. Skipping
2024-02-27 08:26:41 2024-02-27T02:56:41.894Z sketches-service WARN Mismatching sketch file <vertical_gauges.ino> and sketch folder name <vertical_Gauges>. Skipping
2024-02-27 08:26:41 2024-02-27T02:56:41.894Z sketches-service WARN Mismatching sketch file <esp8266-Radio.ino> and sketch folder name <esp8266-Radio333333333333333333333333>. Skipping
2024-02-27 08:26:41 2024-02-27T02:56:41.894Z sketches-service WARN Mismatching sketch file <ir_remote_nodemcu.ino> and sketch folder name <tmp>. Skipping
2024-02-27 08:26:41 2024-02-27T02:56:41.895Z sketches-service WARN Mismatching sketch file <Radio.ino> and sketch folder name <esp8266-Radio>. Skipping
2024-02-27 08:26:41 2024-02-27T02:56:41.895Z sketches-service WARN Mismatching sketch file <smocktest.ino> and sketch folder name <src>. Skipping
2024-02-27 08:26:41 2024-02-27T02:56:41.895Z sketches-service WARN Mismatching sketch file <Radio.ino> and sketch folder name <esp8266-Radio333333333333333333333333>. Skipping
2024-02-27 08:26:41 2024-02-27T02:56:41.895Z sketches-service WARN Mismatching sketch file <vertical_gauges.ino> and sketch folder name <vertical_Gauges>. Skipping
2024-02-27 08:26:41 2024-02-27T02:56:41.895Z sketches-service WARN Mismatching sketch file <esp8266-Radio.ino> and sketch folder name <esp8266-Radio333333333333333333333333>. Skipping
2024-02-27 08:26:41 2024-02-27T02:56:41.904Z root ERROR [hosted-plugin: 1766] Conflict in settings file Default: Ignoring cortex-debug.armToolchainPath.linux as cortex-debug.armToolchainPath is null
2024-02-27 08:26:41 2024-02-27T02:56:41.904Z root ERROR [hosted-plugin: 1766] Conflict in settings file Default: Ignoring cortex-debug.armToolchainPath.osx as cortex-debug.armToolchainPath is null
Conflict in settings file Default: Ignoring cortex-debug.armToolchainPath.windows as cortex-debug.armToolchainPath is null
Conflict in settings file Default: Ignoring cortex-debug.JLinkGDBServerPath.linux as cortex-debug.JLinkGDBServerPath is null
Conflict in settings file Default: Ignoring cortex-debug.JLinkGDBServerPath.osx as cortex-debug.JLinkGDBServerPath is null
Conflict in settings file Default: Ignoring cortex-debug.JLinkGDBServerPath.windows as cortex-debug.JLinkGDBServerPath is null
Conflict in settings file Default: Ignoring cortex-debug.openocdPath.linux as cortex-debug.openocdPath is null
Conflict in settings file Default: Ignoring cortex-debug.openocdPath.osx as cortex-debug.openocdPath is null
2024-02-27 08:26:41 2024-02-27T02:56:41.905Z root ERROR [hosted-plugin: 1766] Conflict in settings file Default: Ignoring cortex-debug.openocdPath.windows as cortex-debug.openocdPath is null
Conflict in settings file Default: Ignoring cortex-debug.pyocdPath.linux as cortex-debug.pyocdPath is null
Conflict in settings file Default: Ignoring cortex-debug.pyocdPath.osx as cortex-debug.pyocdPath is null
Conflict in settings file Default: Ignoring cortex-debug.pyocdPath.windows as cortex-debug.pyocdPath is null
Conflict in settings file Default: Ignoring cortex-debug.PEGDBServerPath.linux as cortex-debug.PEGDBServerPath is null
Conflict in settings file Default: Ignoring cortex-debug.PEGDBServerPath.osx as cortex-debug.PEGDBServerPath is null
2024-02-27 08:26:41 2024-02-27T02:56:41.905Z root ERROR [hosted-plugin: 1766] Conflict in settings file Default: Ignoring cortex-debug.PEGDBServerPath.windows as cortex-debug.PEGDBServerPath is null
Conflict in settings file Default: Ignoring cortex-debug.stutilPath.linux as cortex-debug.stutilPath is null
Conflict in settings file Default: Ignoring cortex-debug.stutilPath.osx as cortex-debug.stutilPath is null
Conflict in settings file Default: Ignoring cortex-debug.stutilPath.windows as cortex-debug.stutilPath is null
2024-02-27 08:26:41 2024-02-27T02:56:41.905Z root ERROR [hosted-plugin: 1766] Conflict in settings file Default: Ignoring cortex-debug.stlinkPath.linux as cortex-debug.stlinkPath is null
Conflict in settings file Default: Ignoring cortex-debug.stlinkPath.osx as cortex-debug.stlinkPath is null
Conflict in settings file Default: Ignoring cortex-debug.stlinkPath.windows as cortex-debug.stlinkPath is null
Conflict in settings file Default: Ignoring cortex-debug.stm32cubeprogrammer.linux as cortex-debug.stm32cubeprogrammer is null
Conflict in settings file Default: Ignoring cortex-debug.stm32cubeprogrammer.osx as cortex-debug.stm32cubeprogrammer is null
Conflict in settings file Default: Ignoring cortex-debug.stm32cubeprogrammer.windows as cortex-debug.stm32cubeprogrammer is null
2024-02-27 08:26:42 2024-02-27T02:56:42.144Z root ERROR ---- !!!SLOW!!! DURATION: search took 1042.568 ms. Args: [{"type":"Updatable"}] ----
2024-02-27 08:26:42 2024-02-27T02:56:42.148Z root INFO [hosted-plugin: 1766] PLUGIN_HOST(1766): PluginManagerExtImpl/init()
2024-02-27 08:26:42 2024-02-27T02:56:42.150Z root INFO [hosted-plugin: 1766] PLUGIN_HOST(1766): initializing(vscode-arduino-api@0.1.2 with /opt/arduino-ide_2.2.1_Linux_64bit/resources/app/lib/backend/plugin-vscode-init)
2024-02-27 08:26:42 2024-02-27T02:56:42.234Z root INFO [hosted-plugin: 1766] PLUGIN_HOST(1766): initializing(cortex-debug@1.5.1 with /opt/arduino-ide_2.2.1_Linux_64bit/resources/app/lib/backend/plugin-vscode-init)
2024-02-27 08:26:42 2024-02-27T02:56:42.234Z root INFO [hosted-plugin: 1766] Debugger contribution has been registered: cortex-debug
2024-02-27 08:26:42 2024-02-27T02:56:42.235Z root INFO [hosted-plugin: 1766] PLUGIN_HOST(1766): initializing(vscode-arduino-tools@0.0.2-beta.8 with /opt/arduino-ide_2.2.1_Linux_64bit/resources/app/lib/backend/plugin-vscode-init)
2024-02-27 08:26:42 2024-02-27T02:56:42.236Z root INFO [hosted-plugin: 1766] PLUGIN_HOST(1766): initializing(cpp@1.52.1 with /opt/arduino-ide_2.2.1_Linux_64bit/resources/app/lib/backend/plugin-vscode-init)
2024-02-27 08:26:42 2024-02-27T02:56:42.237Z root INFO [hosted-plugin: 1766] PLUGIN_HOST(1766): initializing(json@1.46.1 with /opt/arduino-ide_2.2.1_Linux_64bit/resources/app/lib/backend/plugin-vscode-init)
2024-02-27 08:26:42 2024-02-27T02:56:42.238Z root INFO [hosted-plugin: 1766] PLUGIN_HOST(1766): initializing(json-language-features@1.46.1 with /opt/arduino-ide_2.2.1_Linux_64bit/resources/app/lib/backend/plugin-vscode-init)
2024-02-27 08:26:42 2024-02-27T02:56:42.239Z root INFO [hosted-plugin: 1766] PLUGIN_HOST(1766): initializing(vscode-language-pack-bg@1.48.3 with /opt/arduino-ide_2.2.1_Linux_64bit/resources/app/lib/backend/plugin-vscode-init)
2024-02-27 08:26:42 2024-02-27T02:56:42.240Z root INFO [hosted-plugin: 1766] PLUGIN_HOST(1766): initializing(vscode-language-pack-cs@1.78.0 with /opt/arduino-ide_2.2.1_Linux_64bit/resources/app/lib/backend/plugin-vscode-init)
2024-02-27 08:26:42 2024-02-27T02:56:42.241Z root INFO [hosted-plugin: 1766] PLUGIN_HOST(1766): initializing(vscode-language-pack-de@1.78.0 with /opt/arduino-ide_2.2.1_Linux_64bit/resources/app/lib/backend/plugin-vscode-init)
2024-02-27 08:26:42 2024-02-27T02:56:42.243Z root INFO [hosted-plugin: 1766] PLUGIN_HOST(1766): initializing(vscode-language-pack-es@1.78.0 with /opt/arduino-ide_2.2.1_Linux_64bit/resources/app/lib/backend/plugin-vscode-init)
2024-02-27 08:26:42 2024-02-27T02:56:42.244Z root INFO [hosted-plugin: 1766] PLUGIN_HOST(1766): initializing(vscode-language-pack-fr@1.78.0 with /opt/arduino-ide_2.2.1_Linux_64bit/resources/app/lib/backend/plugin-vscode-init)
2024-02-27 08:26:42 2024-02-27T02:56:42.245Z root INFO [hosted-plugin: 1766] PLUGIN_HOST(1766): initializing(vscode-language-pack-hu@1.48.3 with /opt/arduino-ide_2.2.1_Linux_64bit/resources/app/lib/backend/plugin-vscode-init)
2024-02-27 08:26:42 2024-02-27T02:56:42.246Z root INFO [hosted-plugin: 1766] PLUGIN_HOST(1766): initializing(vscode-language-pack-it@1.78.0 with /opt/arduino-ide_2.2.1_Linux_64bit/resources/app/lib/backend/plugin-vscode-init)
2024-02-27 08:26:42 2024-02-27T02:56:42.246Z root INFO [hosted-plugin: 1766] PLUGIN_HOST(1766): initializing(vscode-language-pack-ja@1.78.0 with /opt/arduino-ide_2.2.1_Linux_64bit/resources/app/lib/backend/plugin-vscode-init)
2024-02-27 08:26:42 2024-02-27T02:56:42.246Z root INFO [hosted-plugin: 1766] PLUGIN_HOST(1766): initializing(vscode-language-pack-ko@1.78.0 with /opt/arduino-ide_2.2.1_Linux_64bit/resources/app/lib/backend/plugin-vscode-init)
2024-02-27 08:26:42 2024-02-27T02:56:42.247Z root INFO [hosted-plugin: 1766] PLUGIN_HOST(1766): initializing(vscode-language-pack-nl@1.48.3 with /opt/arduino-ide_2.2.1_Linux_64bit/resources/app/lib/backend/plugin-vscode-init)
2024-02-27 08:26:42 2024-02-27T02:56:42.247Z root INFO [hosted-plugin: 1766] PLUGIN_HOST(1766): initializing(vscode-language-pack-pl@1.78.0 with /opt/arduino-ide_2.2.1_Linux_64bit/resources/app/lib/backend/plugin-vscode-init)
2024-02-27 08:26:42 2024-02-27T02:56:42.248Z root INFO [hosted-plugin: 1766] PLUGIN_HOST(1766): initializing(vscode-language-pack-pt-BR@1.78.0 with /opt/arduino-ide_2.2.1_Linux_64bit/resources/app/lib/backend/plugin-vscode-init)
2024-02-27 08:26:42 2024-02-27T02:56:42.248Z root INFO [hosted-plugin: 1766] PLUGIN_HOST(1766): initializing(vscode-language-pack-ru@1.78.0 with /opt/arduino-ide_2.2.1_Linux_64bit/resources/app/lib/backend/plugin-vscode-init)
2024-02-27 08:26:42 2024-02-27T02:56:42.249Z root INFO [hosted-plugin: 1766] PLUGIN_HOST(1766): initializing(vscode-language-pack-tr@1.78.0 with /opt/arduino-ide_2.2.1_Linux_64bit/resources/app/lib/backend/plugin-vscode-init)
2024-02-27 08:26:42 2024-02-27T02:56:42.249Z root INFO [hosted-plugin: 1766] PLUGIN_HOST(1766): initializing(vscode-language-pack-uk@1.48.3 with /opt/arduino-ide_2.2.1_Linux_64bit/resources/app/lib/backend/plugin-vscode-init)
2024-02-27 08:26:42 2024-02-27T02:56:42.250Z root INFO [hosted-plugin: 1766] PLUGIN_HOST(1766): initializing(vscode-language-pack-zh-hans@1.78.0 with /opt/arduino-ide_2.2.1_Linux_64bit/resources/app/lib/backend/plugin-vscode-init)
2024-02-27 08:26:42 2024-02-27T02:56:42.251Z root INFO [hosted-plugin: 1766] PLUGIN_HOST(1766): initializing(vscode-language-pack-zh-hant@1.78.0 with /opt/arduino-ide_2.2.1_Linux_64bit/resources/app/lib/backend/plugin-vscode-init)
2024-02-27 08:26:42 2024-02-27T02:56:42.271Z root INFO [hosted-plugin: 1766] PLUGIN_HOST(1766): PluginManagerExtImpl/loadPlugin(/opt/arduino-ide_2.2.1_Linux_64bit/resources/app/plugins/vscode-arduino-api/extension/dist/extension.js)
2024-02-27 08:26:42 2024-02-27T02:56:42.283Z root INFO [hosted-plugin: 1766] PLUGIN_HOST(1766): PluginManagerExtImpl/loadPlugin(/opt/arduino-ide_2.2.1_Linux_64bit/resources/app/plugins/vscode-builtin-json-language-features/extension/client/dist/jsonMain)
2024-02-27 08:26:42 2024-02-27T02:56:42.351Z root INFO [hosted-plugin: 1766] PLUGIN_HOST(1766): PluginManagerExtImpl/loadPlugin(/opt/arduino-ide_2.2.1_Linux_64bit/resources/app/plugins/vscode-arduino-tools/extension/dist/bundle)
2024-02-27 08:26:42 2024-02-27T02:56:42.404Z root INFO [1b4c239a-6726-42de-b7e1-16e047de94af] Starting plugins.
2024-02-27 08:26:42 2024-02-27T02:56:42.410Z root INFO [hosted-plugin: 1766] PLUGIN_HOST(1766): PluginManagerExtImpl/loadPlugin(/opt/arduino-ide_2.2.1_Linux_64bit/resources/app/plugins/cortex-debug/extension/dist/extension.js)
2024-02-27 08:26:42 2024-02-27T02:56:42.458Z root INFO [hosted-plugin: 1766] Debug configuration provider has been registered: cortex-debug, trigger: 1
2024-02-27 08:26:42 2024-02-27T02:56:42.460Z root INFO [hosted-plugin: 1766] GDB server console created
2024-02-27 08:26:42 2024-02-27T02:56:42.472Z root INFO [1b4c239a-6726-42de-b7e1-16e047de94af] Start of 23 plugins: 3191.3 ms [Finished 8.574 s after frontend start]
2024-02-27 08:26:42 2024-02-27T02:56:42.474Z daemon INFO time="2024-02-27T08:26:42+05:30" level=info msg="Required tool" tool="esp8266:mklittlefs@3.1.0-gcc10.3-e5f9fec"
time="2024-02-27T08:26:42+05:30" level=info msg="Required tool" tool="esp8266:mkspiffs@3.1.0-gcc10.3-e5f9fec"
2024-02-27 08:26:42 2024-02-27T02:56:42.474Z daemon INFO time="2024-02-27T08:26:42+05:30" level=info msg="Required tool" tool="esp8266:python3@3.7.2-post1"
time="2024-02-27T08:26:42+05:30" level=info msg="Required tool" tool="esp8266:xtensa-lx106-elf-gcc@3.1.0-gcc10.3-e5f9fec"
2024-02-27 08:26:42 2024-02-27T02:56:42.514Z daemon INFO time="2024-02-27T08:26:42+05:30" level=info msg="Required tool" tool="esp8266:mklittlefs@3.1.0-gcc10.3-e5f9fec"
time="2024-02-27T08:26:42+05:30" level=info msg="Required tool" tool="esp8266:mkspiffs@3.1.0-gcc10.3-e5f9fec"
2024-02-27 08:26:42 2024-02-27T02:56:42.514Z daemon INFO time="2024-02-27T08:26:42+05:30" level=info msg="Required tool" tool="esp8266:python3@3.7.2-post1"
time="2024-02-27T08:26:42+05:30" level=info msg="Required tool" tool="esp8266:xtensa-lx106-elf-gcc@3.1.0-gcc10.3-e5f9fec"
2024-02-27 08:26:42 2024-02-27T02:56:42.525Z root INFO Starting language server: esp8266:esp8266:nodemcuv2:led=2,baud=921600,xtal=160,eesz=4M2M,dbg=Disabled,lvl=None____,ip=lm2f,vt=flash,exception=disabled,stacksmash=disabled,wipe=all,ssl=all,mmu=3232,non32xfer=fast
2024-02-27 08:26:42 2024-02-27T02:56:42.632Z daemon INFO time="2024-02-27T08:26:42+05:30" level=info msg="Required tool" tool="esp8266:mklittlefs@3.1.0-gcc10.3-e5f9fec"
time="2024-02-27T08:26:42+05:30" level=info msg="Required tool" tool="esp8266:mkspiffs@3.1.0-gcc10.3-e5f9fec"
time="2024-02-27T08:26:42+05:30" level=info msg="Required tool" tool="esp8266:python3@3.7.2-post1"
2024-02-27 08:26:42 2024-02-27T02:56:42.633Z daemon INFO time="2024-02-27T08:26:42+05:30" level=info msg="Required tool" tool="esp8266:xtensa-lx106-elf-gcc@3.1.0-gcc10.3-e5f9fec"
time="2024-02-27T08:26:42+05:30" level=info msg="Required tool" tool="esp8266:mklittlefs@3.1.0-gcc10.3-e5f9fec"
time="2024-02-27T08:26:42+05:30" level=info msg="Required tool" tool="esp8266:mkspiffs@3.1.0-gcc10.3-e5f9fec"
time="2024-02-27T08:26:42+05:30" level=info msg="Required tool" tool="esp8266:python3@3.7.2-post1"
time="2024-02-27T08:26:42+05:30" level=info msg="Required tool" tool="esp8266:xtensa-lx106-elf-gcc@3.1.0-gcc10.3-e5f9fec"
2024-02-27 08:26:42 2024-02-27T02:56:42.633Z daemon INFO time="2024-02-27T08:26:42+05:30" level=info msg="Required tool" tool="esp8266:mklittlefs@3.1.0-gcc10.3-e5f9fec"
time="2024-02-27T08:26:42+05:30" level=info msg="Required tool" tool="esp8266:mkspiffs@3.1.0-gcc10.3-e5f9fec"
2024-02-27 08:26:42 2024-02-27T02:56:42.633Z daemon INFO time="2024-02-27T08:26:42+05:30" level=info msg="Required tool" tool="esp8266:python3@3.7.2-post1"
time="2024-02-27T08:26:42+05:30" level=info msg="Required tool" tool="esp8266:xtensa-lx106-elf-gcc@3.1.0-gcc10.3-e5f9fec"
2024-02-27 08:26:42 2024-02-27T02:56:42.634Z daemon INFO time="2024-02-27T08:26:42+05:30" level=info msg="Adding libraries dir" dir=/home/akash/.arduino15/libraries location=ide
time="2024-02-27T08:26:42+05:30" level=info msg="Adding libraries dir" dir=/home/akash/.arduino15/packages/esp8266/hardware/esp8266/3.1.2/libraries location=platform
2024-02-27 08:26:42 2024-02-27T02:56:42.634Z daemon INFO time="2024-02-27T08:26:42+05:30" level=info msg="Adding libraries dir" dir=/home/akash/doc/code/Arduino/libraries location=user
2024-02-27 08:26:42 2024-02-27T02:56:42.646Z daemon INFO time="2024-02-27T08:26:42+05:30" level=info msg="Required tool" tool="esp8266:mklittlefs@3.1.0-gcc10.3-e5f9fec"
time="2024-02-27T08:26:42+05:30" level=info msg="Required tool" tool="esp8266:mkspiffs@3.1.0-gcc10.3-e5f9fec"
time="2024-02-27T08:26:42+05:30" level=info msg="Required tool" tool="esp8266:python3@3.7.2-post1"
time="2024-02-27T08:26:42+05:30" level=info msg="Required tool" tool="esp8266:xtensa-lx106-elf-gcc@3.1.0-gcc10.3-e5f9fec"
2024-02-27 08:26:42 2024-02-27T02:56:42.670Z daemon INFO time="2024-02-27T08:26:42+05:30" level=info msg="Required tool" tool="esp8266:mklittlefs@3.1.0-gcc10.3-e5f9fec"
time="2024-02-27T08:26:42+05:30" level=info msg="Required tool" tool="esp8266:mkspiffs@3.1.0-gcc10.3-e5f9fec"
time="2024-02-27T08:26:42+05:30" level=info msg="Required tool" tool="esp8266:python3@3.7.2-post1"
time="2024-02-27T08:26:42+05:30" level=info msg="Required tool" tool="esp8266:xtensa-lx106-elf-gcc@3.1.0-gcc10.3-e5f9fec"
2024-02-27 08:26:42 2024-02-27T02:56:42.873Z daemon INFO time="2024-02-27T08:26:42+05:30" level=info msg="Updating index" url="http://arduino.esp8266.com/stable/package_esp8266com_index.json"
2024-02-27 08:26:42 2024-02-27T02:56:42.873Z daemon INFO time="2024-02-27T08:26:42+05:30" level=info msg="Starting download" url="http://arduino.esp8266.com/stable/package_esp8266com_index.json"
2024-02-27 08:26:42 2024-02-27T02:56:42.874Z root INFO core-client-provider [platform-index] Downloading index: package_esp8266com_index.json

2024-02-27 08:26:43 2024-02-27T02:56:43.948Z daemon INFO time="2024-02-27T08:26:43+05:30" level=info msg="Required tool" tool="esp8266:mklittlefs@3.1.0-gcc10.3-e5f9fec"
time="2024-02-27T08:26:43+05:30" level=info msg="Required tool" tool="esp8266:mkspiffs@3.1.0-gcc10.3-e5f9fec"
time="2024-02-27T08:26:43+05:30" level=info msg="Required tool" tool="esp8266:python3@3.7.2-post1"
2024-02-27 08:26:43 2024-02-27T02:56:43.949Z daemon INFO time="2024-02-27T08:26:43+05:30" level=info msg="Required tool" tool="esp8266:xtensa-lx106-elf-gcc@3.1.0-gcc10.3-e5f9fec"
2024-02-27 08:26:43 2024-02-27T02:56:43.949Z daemon INFO time="2024-02-27T08:26:43+05:30" level=info msg="Required tool" tool="esp8266:mklittlefs@3.1.0-gcc10.3-e5f9fec"
time="2024-02-27T08:26:43+05:30" level=info msg="Required tool" tool="esp8266:mkspiffs@3.1.0-gcc10.3-e5f9fec"
time="2024-02-27T08:26:43+05:30" level=info msg="Required tool" tool="esp8266:python3@3.7.2-post1"
time="2024-02-27T08:26:43+05:30" level=info msg="Required tool" tool="esp8266:xtensa-lx106-elf-gcc@3.1.0-gcc10.3-e5f9fec"
2024-02-27 08:26:43 2024-02-27T02:56:43.952Z daemon INFO time="2024-02-27T08:26:43+05:30" level=info msg="Required tool" tool="esp8266:mklittlefs@3.1.0-gcc10.3-e5f9fec"
time="2024-02-27T08:26:43+05:30" level=info msg="Required tool" tool="esp8266:mkspiffs@3.1.0-gcc10.3-e5f9fec"
time="2024-02-27T08:26:43+05:30" level=info msg="Required tool" tool="esp8266:python3@3.7.2-post1"
time="2024-02-27T08:26:43+05:30" level=info msg="Required tool" tool="esp8266:xtensa-lx106-elf-gcc@3.1.0-gcc10.3-e5f9fec"
2024-02-27 08:26:45 2024-02-27T02:56:45.898Z daemon INFO time="2024-02-27T08:26:45+05:30" level=info msg="Checking signature" index=/home/akash/.arduino15/package_index.json signatureFile=/home/akash/.arduino15/package_index.json.sig trusted=true
2024-02-27 08:26:45 2024-02-27T02:56:45.898Z daemon INFO time="2024-02-27T08:26:45+05:30" level=info msg="Missing signature file" index=/home/akash/.arduino15/package_esp8266com_index.json
time="2024-02-27T08:26:45+05:30" level=info msg="Loading hardware from: /home/akash/.arduino15/packages"
2024-02-27 08:26:45 2024-02-27T02:56:45.899Z daemon INFO time="2024-02-27T08:26:45+05:30" level=info msg="Loading package arduino from: /home/akash/.arduino15/packages/arduino/hardware"
2024-02-27 08:26:45 2024-02-27T02:56:45.900Z daemon INFO time="2024-02-27T08:26:45+05:30" level=info msg="Missing signature file" index=/home/akash/.arduino15/packages/arduino/hardware/avr/1.8.6/installed.json
2024-02-27 08:26:45 2024-02-27T02:56:45.903Z daemon INFO time="2024-02-27T08:26:45+05:30" level=info msg="Adding monitor tool" protocol=serial tool="builtin:serial-monitor"
time="2024-02-27T08:26:45+05:30" level=info msg="Loaded platform" platform="arduino:avr@1.8.6"
time="2024-02-27T08:26:45+05:30" level=info msg="Checking existence of 'tools' path: /home/akash/.arduino15/packages/arduino/tools"
time="2024-02-27T08:26:45+05:30" level=info msg="Loading tools from dir: /home/akash/.arduino15/packages/arduino/tools"
time="2024-02-27T08:26:45+05:30" level=info msg="Loaded tool" tool="arduino:arduinoOTA@1.3.0"
time="2024-02-27T08:26:45+05:30" level=info msg="Loaded tool" tool="arduino:avr-gcc@7.3.0-atmel3.6.1-arduino7"
time="2024-02-27T08:26:45+05:30" level=info msg="Loaded tool" tool="arduino:avrdude@6.3.0-arduino17"
time="2024-02-27T08:26:45+05:30" level=info msg="Loading package builtin from: /home/akash/.arduino15/packages/builtin"
time="2024-02-27T08:26:45+05:30" level=info msg="Checking existence of 'tools' path: /home/akash/.arduino15/packages/builtin/tools"
time="2024-02-27T08:26:45+05:30" level=info msg="Loading tools from dir: /home/akash/.arduino15/packages/builtin/tools"
time="2024-02-27T08:26:45+05:30" level=info msg="Loaded tool" tool="builtin:ctags@5.8-arduino11"
time="2024-02-27T08:26:45+05:30" level=info msg="Loaded tool" tool="builtin:dfu-discovery@0.1.2"
time="2024-02-27T08:26:45+05:30" level=info msg="Loaded tool" tool="builtin:mdns-discovery@1.0.9"
time="2024-02-27T08:26:45+05:30" level=info msg="Loaded tool" tool="builtin:serial-discovery@1.4.0"
time="2024-02-27T08:26:45+05:30" level=info msg="Loaded tool" tool="builtin:serial-monitor@0.13.0"
time="2024-02-27T08:26:45+05:30" level=info msg="Loading package esp8266 from: /home/akash/.arduino15/packages/esp8266/hardware"
2024-02-27 08:26:45 2024-02-27T02:56:45.950Z daemon INFO time="2024-02-27T08:26:45+05:30" level=info msg="Adding monitor tool" protocol=serial tool="builtin:serial-monitor"
time="2024-02-27T08:26:45+05:30" level=info msg="Loaded platform" platform="esp8266:esp8266@3.1.2"
2024-02-27 08:26:45 2024-02-27T02:56:45.950Z daemon INFO time="2024-02-27T08:26:45+05:30" level=info msg="Checking existence of 'tools' path: /home/akash/.arduino15/packages/esp8266/tools"
time="2024-02-27T08:26:45+05:30" level=info msg="Loading tools from dir: /home/akash/.arduino15/packages/esp8266/tools"
time="2024-02-27T08:26:45+05:30" level=info msg="Loaded tool" tool="esp8266:mklittlefs@3.1.0-gcc10.3-e5f9fec"
time="2024-02-27T08:26:45+05:30" level=info msg="Loaded tool" tool="esp8266:mkspiffs@3.1.0-gcc10.3-e5f9fec"
time="2024-02-27T08:26:45+05:30" level=info msg="Loaded tool" tool="esp8266:python3@3.7.2-post1"
2024-02-27 08:26:45 2024-02-27T02:56:45.950Z daemon INFO time="2024-02-27T08:26:45+05:30" level=info msg="Loaded tool" tool="esp8266:xtensa-lx106-elf-gcc@3.1.0-gcc10.3-e5f9fec"
time="2024-02-27T08:26:45+05:30" level=info msg="sending command QUIT to discovery builtin:serial-discovery"
2024-02-27 08:26:45 2024-02-27T02:56:45.950Z daemon INFO time="2024-02-27T08:26:45+05:30" level=info msg="from discovery builtin:serial-discovery received message type: quit, message: OK"
2024-02-27 08:26:45 2024-02-27T02:56:45.951Z daemon INFO time="2024-02-27T08:26:45+05:30" level=info msg="killing discovery builtin:serial-discovery process"
2024-02-27 08:26:45 2024-02-27T02:56:45.951Z daemon INFO time="2024-02-27T08:26:45+05:30" level=info msg="Discovery event channel closed builtin:serial-discovery. Exiting goroutine."
2024-02-27 08:26:45 2024-02-27T02:56:45.952Z discovery-log INFO {"eventType":"remove","port":{"matchingBoardsList":[],"port":{"address":"/dev/ttyS4","label":"/dev/ttyS4","protocol":"serial","protocolLabel":"Serial Port","propertiesMap":[],"hardwareId":""}},"error":""}
2024-02-27 08:26:45 2024-02-27T02:56:45.953Z discovery-log INFO {"eventType":"remove","port":{"matchingBoardsList":[],"port":{"address":"/dev/ttyUSB0","label":"/dev/ttyUSB0","protocol":"serial","protocolLabel":"Serial Port (USB)","propertiesMap":[],"hardwareId":""}},"error":""}
2024-02-27 08:26:45 2024-02-27T02:56:45.954Z daemon INFO time="2024-02-27T08:26:45+05:30" level=info msg="Closed and removed discovery builtin:serial-discovery"
time="2024-02-27T08:26:45+05:30" level=info msg="sending command QUIT to discovery builtin:mdns-discovery"
time="2024-02-27T08:26:45+05:30" level=info msg="from discovery builtin:mdns-discovery received message type: quit, message: OK"
time="2024-02-27T08:26:45+05:30" level=info msg="killing discovery builtin:mdns-discovery process"
time="2024-02-27T08:26:45+05:30" level=info msg="Discovery event channel closed builtin:mdns-discovery. Exiting goroutine."
2024-02-27 08:26:45 2024-02-27T02:56:45.954Z daemon INFO time="2024-02-27T08:26:45+05:30" level=info msg="killed discovery builtin:mdns-discovery process"
time="2024-02-27T08:26:45+05:30" level=info msg="Closed and removed discovery builtin:mdns-discovery"
2024-02-27 08:26:45 2024-02-27T02:56:45.954Z daemon INFO time="2024-02-27T08:26:45+05:30" level=info msg="starting discovery builtin:serial-discovery process"
2024-02-27 08:26:45 2024-02-27T02:56:45.955Z daemon INFO time="2024-02-27T08:26:45+05:30" level=info msg="started discovery builtin:serial-discovery process"
time="2024-02-27T08:26:45+05:30" level=info msg="sending command HELLO 1 \"arduino-cli 0.34.0\" to discovery builtin:serial-discovery"
2024-02-27 08:26:45 2024-02-27T02:56:45.957Z daemon INFO time="2024-02-27T08:26:45+05:30" level=info msg="from discovery builtin:serial-discovery received message type: hello, message: OK, protocol version: 1"
time="2024-02-27T08:26:45+05:30" level=info msg="sending command START_SYNC to discovery builtin:serial-discovery"
2024-02-27 08:26:45 2024-02-27T02:56:45.961Z daemon INFO time="2024-02-27T08:26:45+05:30" level=info msg="from discovery builtin:serial-discovery received message type: start_sync, message: OK"
2024-02-27 08:26:45 2024-02-27T02:56:45.961Z daemon INFO time="2024-02-27T08:26:45+05:30" level=info msg="from discovery builtin:serial-discovery received message type: add, port: /dev/ttyS4"
time="2024-02-27T08:26:45+05:30" level=info msg="starting discovery builtin:mdns-discovery process"
time="2024-02-27T08:26:45+05:30" level=info msg="from discovery builtin:serial-discovery received message type: add, port: /dev/ttyUSB0"
2024-02-27 08:26:45 2024-02-27T02:56:45.962Z discovery-log INFO {"eventType":"add","port":{"matchingBoardsList":[],"port":{"address":"/dev/ttyS4","label":"/dev/ttyS4","protocol":"serial","protocolLabel":"Serial Port","propertiesMap":[],"hardwareId":""}},"error":""}
2024-02-27 08:26:45 2024-02-27T02:56:45.963Z discovery-log INFO {"eventType":"add","port":{"matchingBoardsList":[],"port":{"address":"/dev/ttyUSB0","label":"/dev/ttyUSB0","protocol":"serial","protocolLabel":"Serial Port (USB)","propertiesMap":[["pid","0x7523"],["serialNumber",""],["vid","0x1a86"]],"hardwareId":""}},"error":""}
2024-02-27 08:26:45 2024-02-27T02:56:45.963Z daemon INFO time="2024-02-27T08:26:45+05:30" level=info msg="started discovery builtin:mdns-discovery process"
time="2024-02-27T08:26:45+05:30" level=info msg="sending command HELLO 1 \"arduino-cli 0.34.0\" to discovery builtin:mdns-discovery"
2024-02-27 08:26:45 2024-02-27T02:56:45.964Z daemon INFO time="2024-02-27T08:26:45+05:30" level=info msg="from discovery builtin:mdns-discovery received message type: hello, message: OK, protocol version: 1"
time="2024-02-27T08:26:45+05:30" level=info msg="sending command START_SYNC to discovery builtin:mdns-discovery"
2024-02-27 08:26:45 2024-02-27T02:56:45.965Z daemon INFO time="2024-02-27T08:26:45+05:30" level=info msg="from discovery builtin:mdns-discovery received message type: start_sync, message: OK"
2024-02-27 08:26:45 2024-02-27T02:56:45.965Z daemon INFO time="2024-02-27T08:26:45+05:30" level=info msg="Adding libraries dir" dir=/home/akash/.arduino15/packages/esp8266/hardware/esp8266/3.1.2/libraries location=platform
2024-02-27 08:26:45 2024-02-27T02:56:45.965Z daemon INFO time="2024-02-27T08:26:45+05:30" level=info msg="Adding libraries dir" dir=/home/akash/.arduino15/packages/arduino/hardware/avr/1.8.6/libraries location=platform
time="2024-02-27T08:26:45+05:30" level=info msg="Loading libraries index file" index=/home/akash/.arduino15/library_index.json
2024-02-27 08:26:46 2024-02-27T02:56:46.403Z daemon INFO time="2024-02-27T08:26:46+05:30" level=info msg="Adding libraries dir" dir=/home/akash/.arduino15/libraries location=ide
time="2024-02-27T08:26:46+05:30" level=info msg="Adding libraries dir" dir=/home/akash/doc/code/Arduino/libraries location=user
2024-02-27 08:26:47 2024-02-27T02:56:47.482Z root ERROR ---- !!!SLOW!!! DURATION: search took 451.895 ms. Args: [{"query":"","type":"All","topic":"All"}] ----
2024-02-27 08:27:58 2024-02-27T02:57:58.496Z root WARN Frontend a.configure took longer than the expected maximum 100 milliseconds: 222.9 ms [Finished 1.681 s after frontend start]
2024-02-27 08:27:58 2024-02-27T02:57:58.502Z root WARN A command editor.action.toggleStickyScroll is already registered.
2024-02-27 08:27:58 2024-02-27T02:57:58.668Z root INFO Start frontend contributions: 534.0 ms [Finished 1.863 s after frontend start]
2024-02-27 08:27:58 2024-02-27T02:57:58.668Z root INFO Changed application state from 'init' to 'started_contributions'.
2024-02-27 08:27:58 2024-02-27T02:57:58.702Z root INFO Changed application state from 'started_contributions' to 'attached_shell'.
2024-02-27 08:27:58 2024-02-27T02:57:58.703Z root INFO >>> Restoring the layout state...
2024-02-27 08:27:58 2024-02-27T02:57:58.703Z root INFO ------- SERIALIZED LAYOUT DATA -------
2024-02-27 08:27:58 2024-02-27T02:57:58.704Z root INFO {"version":5,"mainPanel":{"main":{"type":"tab-area","widgets":[{"constructionOptions":{"factoryId":"code-editor-opener","options":{"counter":0,"kind":"navigatable","uri":"file:///home/akash/doc/code/Arduino/pixel_led/pixel_led.ino"}},"innerWidgetState":"{\"cursorState\":[{\"inSelectionMode\":false,\"selectionStart\":{\"lineNumber\":17,\"column\":22},\"position\":{\"lineNumber\":17,\"column\":22}}],\"viewState\":{\"scrollLeft\":0,\"firstPosition\":{\"lineNumber\":20,\"column\":1},\"firstPositionDeltaTop\":-18},\"contributionsState\":{\"editor.contrib.folding\":{\"lineCount\":40,\"provider\":\"indent\",\"foldedImports\":false},\"editor.contrib.wordHighlighter\":false}}"}],"currentIndex":0}},"mainPanelPinned":[false],"bottomPanel":{"config":{"main":{"type":"tab-area","widgets":[{"constructionOptions":{"factoryId":"outputView"},"innerWidgetState":"{\"locked\":false}"}],"currentIndex":0}},"pinned":[false],"size":256,"expanded":true},"leftPanel":{"type":"sidepanel","items":[{"widget":{"constructionOptions":{"factoryId":"arduino-sketchbook-widget"}},"rank":1,"expanded":false,"pinned":false},{"widget":{"constructionOptions":{"factoryId":"boards-list-widget"}},"rank":2,"expanded":false,"pinned":false},{"widget":{"constructionOptions":{"factoryId":"library-list-widget"}},"rank":3,"expanded":false,"pinned":false},{"widget":{"constructionOptions":{"factoryId":"debug"},"innerWidgetState":"{\"parts\":[{\"partId\":\"debug:threads:-1\",\"collapsed\":false,\"hidden\":false,\"originalContainerId\":\"debug:view-container:-1\",\"originalContainerTitle\":{\"label\":\"debug\",\"iconClass\":\"codicon codicon-debug-alt\",\"closeable\":true},\"widget\":{\"constructionOptions\":{\"factoryId\":\"debug:threads\"},\"innerWidgetState\":\"{}\"}},{\"partId\":\"debug:frames:-1\",\"collapsed\":false,\"hidden\":false,\"originalContainerId\":\"debug:view-container:-1\",\"originalContainerTitle\":{\"label\":\"debug\",\"iconClass\":\"codicon codicon-debug-alt\",\"closeable\":true},\"widget\":{\"constructionOptions\":{\"factoryId\":\"debug:frames\"},\"innerWidgetState\":\"{}\"}},{\"partId\":\"debug:variables:-1\",\"collapsed\":false,\"hidden\":false,\"originalContainerId\":\"debug:view-container:-1\",\"originalContainerTitle\":{\"label\":\"debug\",\"iconClass\":\"codicon codicon-debug-alt\",\"closeable\":true},\"widget\":{\"constructionOptions\":{\"factoryId\":\"debug:variables\"},\"innerWidgetState\":\"{}\"}},{\"partId\":\"debug:watch:-1\",\"collapsed\":false,\"hidden\":false,\"originalContainerId\":\"debug:view-container:-1\",\"originalContainerTitle\":{\"label\":\"debug\",\"iconClass\":\"codicon codicon-debug-alt\",\"closeable\":true},\"widget\":{\"constructionOptions\":{\"factoryId\":\"debug:watch\"},\"innerWidgetState\":\"{}\"}},{\"partId\":\"debug:breakpoints:-1\",\"collapsed\":false,\"hidden\":false,\"originalContainerId\":\"debug:view-container:-1\",\"originalContainerTitle\":{\"label\":\"debug\",\"iconClass\":\"codicon codicon-debug-alt\",\"closeable\":true},\"widget\":{\"constructionOptions\":{\"factoryId\":\"debug:breakpoints\"},\"innerWidgetState\":\"{}\"}},{\"partId\":\"plugin-view:cortex-debug.peripherals\",\"collapsed\":true,\"hidden\":true,\"originalContainerId\":\"debug:view-container:-1\",\"originalContainerTitle\":{\"label\":\"debug\",\"iconClass\":\"codicon codicon-debug-alt\",\"closeable\":true},\"widget\":{\"constructionOptions\":{\"factoryId\":\"plugin-view\",\"options\":{\"id\":\"plugin-view:cortex-debug.peripherals\",\"viewId\":\"cortex-debug.peripherals\"}},\"innerWidgetState\":\"{\\\"label\\\":\\\"Cortex Peripherals\\\",\\\"widgets\\\":[],\\\"suppressUpdateViewVisibility\\\":false,\\\"currentViewContainerId\\\":\\\"debug\\\"}\"}},{\"partId\":\"plugin-view:cortex-debug.registers\",\"collapsed\":true,\"hidden\":true,\"originalContainerId\":\"debug:view-container:-1\",\"originalContainerTitle\":{\"label\":\"debug\",\"iconClass\":\"codicon codicon-debug-alt\",\"closeable\":true},\"widget\":{\"constructionOptions\":{\"factoryId\":\"plugin-view\",\"options\":{\"id\":\"plugin-view:cortex-debug.registers\",\"viewId\":\"cortex-debug.registers\"}},\"innerWidgetState\":\"{\\\"label\\\":\\\"Cortex Registers\\\",\\\"widgets\\\":[],\\\"suppressUpdateViewVisibility\\\":false,\\\"currentViewContainerId\\\":\\\"debug\\\"}\"}}],\"title\":{\"label\":\"debug\",\"iconClass\":\"codicon codicon-debug-alt\",\"closeable\":true}}"},"rank":4,"expanded":false,"pinned":false},{"widget":{"constructionOptions":{"factoryId":"search-view-container"},"innerWidgetState":"{\"parts\":[{\"partId\":\"search-in-workspace\",\"collapsed\":false,\"hidden\":false,\"originalContainerId\":\"search-view-container\",\"originalContainerTitle\":{\"label\":\"Search\",\"iconClass\":\"codicon codicon-search\",\"closeable\":true},\"widget\":{\"constructionOptions\":{\"factoryId\":\"search-in-workspace\"},\"innerWidgetState\":\"{\\\"matchCaseState\\\":{\\\"className\\\":\\\"codicon codicon-case-sensitive\\\",\\\"enabled\\\":false,\\\"title\\\":\\\"Match Case\\\"},\\\"wholeWordState\\\":{\\\"className\\\":\\\"codicon codicon-whole-word\\\",\\\"enabled\\\":false,\\\"title\\\":\\\"Match Whole Word\\\"},\\\"regExpState\\\":{\\\"className\\\":\\\"codicon codicon-regex\\\",\\\"enabled\\\":false,\\\"title\\\":\\\"Use Regular Expression\\\"},\\\"includeIgnoredState\\\":{\\\"className\\\":\\\"codicon codicon-eye\\\",\\\"enabled\\\":false,\\\"title\\\":\\\"Include Ignored Files\\\"},\\\"showSearchDetails\\\":false,\\\"searchInWorkspaceOptions\\\":{\\\"matchCase\\\":false,\\\"matchWholeWord\\\":false,\\\"useRegExp\\\":false,\\\"includeIgnored\\\":false,\\\"include\\\":[],\\\"exclude\\\":[],\\\"maxResults\\\":2000},\\\"searchTerm\\\":\\\"\\\",\\\"replaceTerm\\\":\\\"\\\",\\\"showReplaceField\\\":false,\\\"searchHistoryState\\\":{\\\"history\\\":[],\\\"index\\\":0},\\\"replaceHistoryState\\\":{\\\"history\\\":[],\\\"index\\\":0},\\\"includeHistoryState\\\":{\\\"history\\\":[],\\\"index\\\":0},\\\"excludeHistoryState\\\":{\\\"history\\\":[],\\\"index\\\":0}}\"}}],\"title\":{\"label\":\"Search\",\"iconClass\":\"fa fa-arduino-search\",\"closeable\":true}}"},"rank":5,"expanded":false,"pinned":false}]},"rightPanel":{"type":"sidepanel","items":[]}}
2024-02-27 08:27:58 2024-02-27T02:57:58.704Z root INFO ------- END SERIALIZED LAYOUT DATA -------
2024-02-27 08:27:58 2024-02-27T02:57:58.794Z root INFO [342de6a0-0b71-4da4-b30b-b30cfb0557d1] Waiting for backend deployment: 141.6 ms [Finished 1.998 s after frontend start]
2024-02-27 08:27:59 2024-02-27T02:57:59.011Z root ERROR Request initAuthSession failed with error: The name is not activatable Error: The name is not activatable
2024-02-27 08:27:59 2024-02-27T02:57:59.526Z root INFO [hosted-plugin: 2147] PLUGIN_HOST(2147) starting instance
2024-02-27 08:28:00 2024-02-27T02:58:00.189Z root INFO [342de6a0-0b71-4da4-b30b-b30cfb0557d1] Sync of 23 plugins: 1399.4 ms [Finished 3.397 s after frontend start]
2024-02-27 08:28:00 2024-02-27T02:58:00.516Z root INFO <<< The layout has been successfully restored.
2024-02-27 08:28:00 2024-02-27T02:58:00.598Z root INFO Initialize the workbench layout: 1827.9 ms [Finished 3.724 s after frontend start]
2024-02-27 08:28:00 2024-02-27T02:58:00.600Z root INFO Changed application state from 'attached_shell' to 'initialized_layout'.
2024-02-27 08:28:00 2024-02-27T02:58:00.601Z root INFO [342de6a0-0b71-4da4-b30b-b30cfb0557d1] Loading plugin contributions
2024-02-27 08:28:00 2024-02-27T02:58:00.601Z root INFO [342de6a0-0b71-4da4-b30b-b30cfb0557d1] Load contributions of 23 plugins: 79.9 ms [Finished 3.805 s after frontend start]
2024-02-27 08:28:00 2024-02-27T02:58:00.621Z root WARN 'cpp' language is remapped from 'source.cpp.embedded.macro' to 'source.cpp' scope
2024-02-27 08:28:00 2024-02-27T02:58:00.621Z root WARN a registered grammar configuration for 'cpp' language is overridden
2024-02-27 08:28:01 2024-02-27T02:58:01.221Z root ERROR [hosted-plugin: 2147] Conflict in settings file Default: Ignoring cortex-debug.armToolchainPath.linux as cortex-debug.armToolchainPath is null
2024-02-27 08:28:01 2024-02-27T02:58:01.222Z root ERROR [hosted-plugin: 2147] Conflict in settings file Default: Ignoring cortex-debug.armToolchainPath.osx as cortex-debug.armToolchainPath is null
Conflict in settings file Default: Ignoring cortex-debug.armToolchainPath.windows as cortex-debug.armToolchainPath is null
Conflict in settings file Default: Ignoring cortex-debug.JLinkGDBServerPath.linux as cortex-debug.JLinkGDBServerPath is null
Conflict in settings file Default: Ignoring cortex-debug.JLinkGDBServerPath.osx as cortex-debug.JLinkGDBServerPath is null
Conflict in settings file Default: Ignoring cortex-debug.JLinkGDBServerPath.windows as cortex-debug.JLinkGDBServerPath is null
Conflict in settings file Default: Ignoring cortex-debug.openocdPath.linux as cortex-debug.openocdPath is null
Conflict in settings file Default: Ignoring cortex-debug.openocdPath.osx as cortex-debug.openocdPath is null
Conflict in settings file Default: Ignoring cortex-debug.openocdPath.windows as cortex-debug.openocdPath is null
Conflict in settings file Default: Ignoring cortex-debug.pyocdPath.linux as cortex-debug.pyocdPath is null
2024-02-27 08:28:01 2024-02-27T02:58:01.222Z root ERROR [hosted-plugin: 2147] Conflict in settings file Default: Ignoring cortex-debug.pyocdPath.osx as cortex-debug.pyocdPath is null
Conflict in settings file Default: Ignoring cortex-debug.pyocdPath.windows as cortex-debug.pyocdPath is null
Conflict in settings file Default: Ignoring cortex-debug.PEGDBServerPath.linux as cortex-debug.PEGDBServerPath is null
Conflict in settings file Default: Ignoring cortex-debug.PEGDBServerPath.osx as cortex-debug.PEGDBServerPath is null
Conflict in settings file Default: Ignoring cortex-debug.PEGDBServerPath.windows as cortex-debug.PEGDBServerPath is null
Conflict in settings file Default: Ignoring cortex-debug.stutilPath.linux as cortex-debug.stutilPath is null
Conflict in settings file Default: Ignoring cortex-debug.stutilPath.osx as cortex-debug.stutilPath is null
Conflict in settings file Default: Ignoring cortex-debug.stutilPath.windows as cortex-debug.stutilPath is null
2024-02-27 08:28:01 2024-02-27T02:58:01.222Z root ERROR [hosted-plugin: 2147] Conflict in settings file Default: Ignoring cortex-debug.stlinkPath.linux as cortex-debug.stlinkPath is null
Conflict in settings file Default: Ignoring cortex-debug.stlinkPath.osx as cortex-debug.stlinkPath is null
Conflict in settings file Default: Ignoring cortex-debug.stlinkPath.windows as cortex-debug.stlinkPath is null
Conflict in settings file Default: Ignoring cortex-debug.stm32cubeprogrammer.linux as cortex-debug.stm32cubeprogrammer is null
Conflict in settings file Default: Ignoring cortex-debug.stm32cubeprogrammer.osx as cortex-debug.stm32cubeprogrammer is null
Conflict in settings file Default: Ignoring cortex-debug.stm32cubeprogrammer.windows as cortex-debug.stm32cubeprogrammer is null
2024-02-27 08:28:01 2024-02-27T02:58:01.233Z root INFO [hosted-plugin: 2147] PLUGIN_HOST(2147): PluginManagerExtImpl/init()
2024-02-27 08:28:01 2024-02-27T02:58:01.235Z root INFO [hosted-plugin: 2147] PLUGIN_HOST(2147): initializing(vscode-arduino-api@0.1.2 with /opt/arduino-ide_2.2.1_Linux_64bit/resources/app/lib/backend/plugin-vscode-init)
2024-02-27 08:28:01 2024-02-27T02:58:01.311Z root INFO [hosted-plugin: 2147] PLUGIN_HOST(2147): initializing(cortex-debug@1.5.1 with /opt/arduino-ide_2.2.1_Linux_64bit/resources/app/lib/backend/plugin-vscode-init)
2024-02-27 08:28:01 2024-02-27T02:58:01.312Z root INFO [hosted-plugin: 2147] Debugger contribution has been registered: cortex-debug
2024-02-27 08:28:01 2024-02-27T02:58:01.312Z root INFO [hosted-plugin: 2147] PLUGIN_HOST(2147): initializing(vscode-arduino-tools@0.0.2-beta.8 with /opt/arduino-ide_2.2.1_Linux_64bit/resources/app/lib/backend/plugin-vscode-init)
2024-02-27 08:28:01 2024-02-27T02:58:01.314Z root INFO [hosted-plugin: 2147] PLUGIN_HOST(2147): initializing(cpp@1.52.1 with /opt/arduino-ide_2.2.1_Linux_64bit/resources/app/lib/backend/plugin-vscode-init)
2024-02-27 08:28:01 2024-02-27T02:58:01.314Z root INFO [hosted-plugin: 2147] PLUGIN_HOST(2147): initializing(json@1.46.1 with /opt/arduino-ide_2.2.1_Linux_64bit/resources/app/lib/backend/plugin-vscode-init)
2024-02-27 08:28:01 2024-02-27T02:58:01.315Z root INFO [hosted-plugin: 2147] PLUGIN_HOST(2147): initializing(json-language-features@1.46.1 with /opt/arduino-ide_2.2.1_Linux_64bit/resources/app/lib/backend/plugin-vscode-init)
2024-02-27 08:28:01 2024-02-27T02:58:01.316Z root INFO [hosted-plugin: 2147] PLUGIN_HOST(2147): initializing(vscode-language-pack-bg@1.48.3 with /opt/arduino-ide_2.2.1_Linux_64bit/resources/app/lib/backend/plugin-vscode-init)
2024-02-27 08:28:01 2024-02-27T02:58:01.317Z root INFO [hosted-plugin: 2147] PLUGIN_HOST(2147): initializing(vscode-language-pack-cs@1.78.0 with /opt/arduino-ide_2.2.1_Linux_64bit/resources/app/lib/backend/plugin-vscode-init)
2024-02-27 08:28:01 2024-02-27T02:58:01.318Z root INFO [hosted-plugin: 2147] PLUGIN_HOST(2147): initializing(vscode-language-pack-de@1.78.0 with /opt/arduino-ide_2.2.1_Linux_64bit/resources/app/lib/backend/plugin-vscode-init)
2024-02-27 08:28:01 2024-02-27T02:58:01.319Z root INFO [hosted-plugin: 2147] PLUGIN_HOST(2147): initializing(vscode-language-pack-es@1.78.0 with /opt/arduino-ide_2.2.1_Linux_64bit/resources/app/lib/backend/plugin-vscode-init)
2024-02-27 08:28:01 2024-02-27T02:58:01.320Z root INFO [hosted-plugin: 2147] PLUGIN_HOST(2147): initializing(vscode-language-pack-fr@1.78.0 with /opt/arduino-ide_2.2.1_Linux_64bit/resources/app/lib/backend/plugin-vscode-init)
2024-02-27 08:28:01 2024-02-27T02:58:01.321Z root INFO [hosted-plugin: 2147] PLUGIN_HOST(2147): initializing(vscode-language-pack-hu@1.48.3 with /opt/arduino-ide_2.2.1_Linux_64bit/resources/app/lib/backend/plugin-vscode-init)
2024-02-27 08:28:01 2024-02-27T02:58:01.322Z root INFO [hosted-plugin: 2147] PLUGIN_HOST(2147): initializing(vscode-language-pack-it@1.78.0 with /opt/arduino-ide_2.2.1_Linux_64bit/resources/app/lib/backend/plugin-vscode-init)
2024-02-27 08:28:01 2024-02-27T02:58:01.323Z root INFO [hosted-plugin: 2147] PLUGIN_HOST(2147): initializing(vscode-language-pack-ja@1.78.0 with /opt/arduino-ide_2.2.1_Linux_64bit/resources/app/lib/backend/plugin-vscode-init)
2024-02-27 08:28:01 2024-02-27T02:58:01.324Z root INFO [hosted-plugin: 2147] PLUGIN_HOST(2147): initializing(vscode-language-pack-ko@1.78.0 with /opt/arduino-ide_2.2.1_Linux_64bit/resources/app/lib/backend/plugin-vscode-init)
2024-02-27 08:28:01 2024-02-27T02:58:01.325Z root INFO [hosted-plugin: 2147] PLUGIN_HOST(2147): initializing(vscode-language-pack-nl@1.48.3 with /opt/arduino-ide_2.2.1_Linux_64bit/resources/app/lib/backend/plugin-vscode-init)
2024-02-27 08:28:01 2024-02-27T02:58:01.325Z root INFO [hosted-plugin: 2147] PLUGIN_HOST(2147): initializing(vscode-language-pack-pl@1.78.0 with /opt/arduino-ide_2.2.1_Linux_64bit/resources/app/lib/backend/plugin-vscode-init)
2024-02-27 08:28:01 2024-02-27T02:58:01.326Z root INFO [hosted-plugin: 2147] PLUGIN_HOST(2147): initializing(vscode-language-pack-pt-BR@1.78.0 with /opt/arduino-ide_2.2.1_Linux_64bit/resources/app/lib/backend/plugin-vscode-init)
2024-02-27 08:28:01 2024-02-27T02:58:01.326Z root INFO [hosted-plugin: 2147] PLUGIN_HOST(2147): initializing(vscode-language-pack-ru@1.78.0 with /opt/arduino-ide_2.2.1_Linux_64bit/resources/app/lib/backend/plugin-vscode-init)
2024-02-27 08:28:01 2024-02-27T02:58:01.327Z root INFO [hosted-plugin: 2147] PLUGIN_HOST(2147): initializing(vscode-language-pack-tr@1.78.0 with /opt/arduino-ide_2.2.1_Linux_64bit/resources/app/lib/backend/plugin-vscode-init)
2024-02-27 08:28:01 2024-02-27T02:58:01.327Z root INFO [hosted-plugin: 2147] PLUGIN_HOST(2147): initializing(vscode-language-pack-uk@1.48.3 with /opt/arduino-ide_2.2.1_Linux_64bit/resources/app/lib/backend/plugin-vscode-init)
2024-02-27 08:28:01 2024-02-27T02:58:01.328Z root INFO [hosted-plugin: 2147] PLUGIN_HOST(2147): initializing(vscode-language-pack-zh-hans@1.78.0 with /opt/arduino-ide_2.2.1_Linux_64bit/resources/app/lib/backend/plugin-vscode-init)
2024-02-27 08:28:01 2024-02-27T02:58:01.328Z root INFO [hosted-plugin: 2147] PLUGIN_HOST(2147): initializing(vscode-language-pack-zh-hant@1.78.0 with /opt/arduino-ide_2.2.1_Linux_64bit/resources/app/lib/backend/plugin-vscode-init)
2024-02-27 08:28:01 2024-02-27T02:58:01.375Z root INFO [hosted-plugin: 2147] PLUGIN_HOST(2147): PluginManagerExtImpl/loadPlugin(/opt/arduino-ide_2.2.1_Linux_64bit/resources/app/plugins/vscode-arduino-api/extension/dist/extension.js)
2024-02-27 08:28:01 2024-02-27T02:58:01.385Z root INFO [hosted-plugin: 2147] PLUGIN_HOST(2147): PluginManagerExtImpl/loadPlugin(/opt/arduino-ide_2.2.1_Linux_64bit/resources/app/plugins/vscode-builtin-json-language-features/extension/client/dist/jsonMain)
2024-02-27 08:28:01 2024-02-27T02:58:01.429Z root INFO [hosted-plugin: 2147] PLUGIN_HOST(2147): PluginManagerExtImpl/loadPlugin(/opt/arduino-ide_2.2.1_Linux_64bit/resources/app/plugins/vscode-arduino-tools/extension/dist/bundle)
2024-02-27 08:28:01 2024-02-27T02:58:01.468Z root INFO [342de6a0-0b71-4da4-b30b-b30cfb0557d1] Starting plugins.
2024-02-27 08:28:01 2024-02-27T02:58:01.998Z root INFO Replace loading indicator with ready workbench UI (animation): 872.5 ms [Finished 4.681 s after frontend start]
2024-02-27 08:28:02 2024-02-27T02:58:01.999Z root INFO Frontend application start: 3507.0 ms [Finished 88.937 s after backend start]
2024-02-27 08:28:02 2024-02-27T02:58:02.001Z root INFO Changed application state from 'initialized_layout' to 'ready'.
2024-02-27 08:28:02 2024-02-27T02:58:02.002Z root WARN Linked preference "workbench.colorCustomizations" not found. Source: "editor.bracketPairColorization.enabled"
2024-02-27 08:28:02 2024-02-27T02:58:02.031Z daemon INFO time="2024-02-27T08:28:02+05:30" level=info msg="Required tool" tool="esp8266:mklittlefs@3.1.0-gcc10.3-e5f9fec"
time="2024-02-27T08:28:02+05:30" level=info msg="Required tool" tool="esp8266:mkspiffs@3.1.0-gcc10.3-e5f9fec"
time="2024-02-27T08:28:02+05:30" level=info msg="Required tool" tool="esp8266:python3@3.7.2-post1"
time="2024-02-27T08:28:02+05:30" level=info msg="Required tool" tool="esp8266:xtensa-lx106-elf-gcc@3.1.0-gcc10.3-e5f9fec"
time="2024-02-27T08:28:02+05:30" level=info msg="Required tool" tool="esp8266:mklittlefs@3.1.0-gcc10.3-e5f9fec"
time="2024-02-27T08:28:02+05:30" level=info msg="Required tool" tool="esp8266:mkspiffs@3.1.0-gcc10.3-e5f9fec"
time="2024-02-27T08:28:02+05:30" level=info msg="Required tool" tool="esp8266:python3@3.7.2-post1"
time="2024-02-27T08:28:02+05:30" level=info msg="Required tool" tool="esp8266:xtensa-lx106-elf-gcc@3.1.0-gcc10.3-e5f9fec"
2024-02-27 08:28:02 2024-02-27T02:58:02.031Z root INFO Executing startup tasks:
2024-02-27 08:28:02 2024-02-27T02:58:02.031Z root INFO  - 'arduino-use-inherited-boards-config' , args: [{"selectedBoard":{"name":"NodeMCU 1.0 (ESP-12E Module)","fqbn":"esp8266:esp8266:nodemcuv2","packageId":{"vendorId":"esp8266","arch":"esp8266"},"packageName":"esp8266","manuallyInstalled":false,"selected":false,"missing":false},"selectedPort":{"address":"/dev/ttyUSB0","addressLabel":"/dev/ttyUSB0","protocol":"serial","protocolLabel":"Serial Port (USB)","properties":{"pid":"0x7523","serialNumber":"","vid":"0x1a86"}}},{"arduino+serial:///dev/ttyS4":{"name":"NodeMCU 1.0 (ESP-12E Module)","fqbn":"esp8266:esp8266:nodemcuv2","packageId":{"vendorId":"esp8266","arch":"esp8266"},"packageName":"esp8266","manuallyInstalled":false,"selected":false,"missing":false},"arduino+serial:///dev/ttyUSB0":{"name":"NodeMCU 1.0 (ESP-12E Module)","fqbn":"esp8266:esp8266:nodemcuv2","packageId":{"vendorId":"esp8266","arch":"esp8266"},"packageName":"esp8266","manuallyInstalled":false,"selected":false,"missing":false}}]
2024-02-27 08:28:02 2024-02-27T02:58:02.111Z root INFO [hosted-plugin: 2147] PLUGIN_HOST(2147): PluginManagerExtImpl/loadPlugin(/opt/arduino-ide_2.2.1_Linux_64bit/resources/app/plugins/cortex-debug/extension/dist/extension.js)
2024-02-27 08:28:02 2024-02-27T02:58:02.129Z daemon INFO time="2024-02-27T08:28:02+05:30" level=info msg="Required tool" tool="esp8266:mklittlefs@3.1.0-gcc10.3-e5f9fec"
time="2024-02-27T08:28:02+05:30" level=info msg="Required tool" tool="esp8266:mkspiffs@3.1.0-gcc10.3-e5f9fec"
time="2024-02-27T08:28:02+05:30" level=info msg="Required tool" tool="esp8266:python3@3.7.2-post1"
time="2024-02-27T08:28:02+05:30" level=info msg="Required tool" tool="esp8266:xtensa-lx106-elf-gcc@3.1.0-gcc10.3-e5f9fec"
2024-02-27 08:28:02 2024-02-27T02:58:02.176Z root INFO [hosted-plugin: 2147] Debug configuration provider has been registered: cortex-debug, trigger: 1
GDB server console created
2024-02-27 08:28:02 2024-02-27T02:58:02.282Z sketches-service WARN Mismatching sketch file <ir_remote_nodemcu.ino> and sketch folder name <tmp>. Skipping
2024-02-27 08:28:02 2024-02-27T02:58:02.282Z sketches-service WARN Mismatching sketch file <Radio.ino> and sketch folder name <esp8266-Radio>. Skipping
2024-02-27 08:28:02 2024-02-27T02:58:02.282Z sketches-service WARN Mismatching sketch file <smocktest.ino> and sketch folder name <src>. Skipping
2024-02-27 08:28:02 2024-02-27T02:58:02.283Z sketches-service WARN Mismatching sketch file <Radio.ino> and sketch folder name <esp8266-Radio333333333333333333333333>. Skipping
2024-02-27 08:28:02 2024-02-27T02:58:02.283Z sketches-service WARN Mismatching sketch file <vertical_gauges.ino> and sketch folder name <vertical_Gauges>. Skipping
2024-02-27 08:28:02 2024-02-27T02:58:02.283Z sketches-service WARN Mismatching sketch file <esp8266-Radio.ino> and sketch folder name <esp8266-Radio333333333333333333333333>. Skipping
2024-02-27 08:28:02 2024-02-27T02:58:02.284Z daemon INFO time="2024-02-27T08:28:02+05:30" level=info msg="Required tool" tool="esp8266:mklittlefs@3.1.0-gcc10.3-e5f9fec"
time="2024-02-27T08:28:02+05:30" level=info msg="Required tool" tool="esp8266:mkspiffs@3.1.0-gcc10.3-e5f9fec"
time="2024-02-27T08:28:02+05:30" level=info msg="Required tool" tool="esp8266:python3@3.7.2-post1"
time="2024-02-27T08:28:02+05:30" level=info msg="Required tool" tool="esp8266:xtensa-lx106-elf-gcc@3.1.0-gcc10.3-e5f9fec"
2024-02-27 08:28:02 2024-02-27T02:58:02.343Z daemon INFO time="2024-02-27T08:28:02+05:30" level=info msg="Required tool" tool="esp8266:mklittlefs@3.1.0-gcc10.3-e5f9fec"
time="2024-02-27T08:28:02+05:30" level=info msg="Required tool" tool="esp8266:mkspiffs@3.1.0-gcc10.3-e5f9fec"
time="2024-02-27T08:28:02+05:30" level=info msg="Required tool" tool="esp8266:python3@3.7.2-post1"
time="2024-02-27T08:28:02+05:30" level=info msg="Required tool" tool="esp8266:xtensa-lx106-elf-gcc@3.1.0-gcc10.3-e5f9fec"
2024-02-27 08:28:02 2024-02-27T02:58:02.465Z root INFO [342de6a0-0b71-4da4-b30b-b30cfb0557d1] Start of 23 plugins: 1844.3 ms [Finished 5.659 s after frontend start]
2024-02-27 08:28:02 2024-02-27T02:58:02.550Z daemon INFO time="2024-02-27T08:28:02+05:30" level=info msg="Required tool" tool="esp8266:mklittlefs@3.1.0-gcc10.3-e5f9fec"
time="2024-02-27T08:28:02+05:30" level=info msg="Required tool" tool="esp8266:mkspiffs@3.1.0-gcc10.3-e5f9fec"
time="2024-02-27T08:28:02+05:30" level=info msg="Required tool" tool="esp8266:python3@3.7.2-post1"
time="2024-02-27T08:28:02+05:30" level=info msg="Required tool" tool="esp8266:xtensa-lx106-elf-gcc@3.1.0-gcc10.3-e5f9fec"
2024-02-27 08:28:02 2024-02-27T02:58:02.568Z daemon INFO time="2024-02-27T08:28:02+05:30" level=info msg="Required tool" tool="esp8266:mklittlefs@3.1.0-gcc10.3-e5f9fec"
time="2024-02-27T08:28:02+05:30" level=info msg="Required tool" tool="esp8266:mkspiffs@3.1.0-gcc10.3-e5f9fec"
time="2024-02-27T08:28:02+05:30" level=info msg="Required tool" tool="esp8266:python3@3.7.2-post1"
time="2024-02-27T08:28:02+05:30" level=info msg="Required tool" tool="esp8266:xtensa-lx106-elf-gcc@3.1.0-gcc10.3-e5f9fec"
2024-02-27 08:28:02 2024-02-27T02:58:02.582Z sketches-service WARN Mismatching sketch file <ir_remote_nodemcu.ino> and sketch folder name <tmp>. Skipping
2024-02-27 08:28:02 2024-02-27T02:58:02.582Z sketches-service WARN Mismatching sketch file <Radio.ino> and sketch folder name <esp8266-Radio>. Skipping
2024-02-27 08:28:02 2024-02-27T02:58:02.582Z sketches-service WARN Mismatching sketch file <smocktest.ino> and sketch folder name <src>. Skipping
2024-02-27 08:28:02 2024-02-27T02:58:02.582Z sketches-service WARN Mismatching sketch file <Radio.ino> and sketch folder name <esp8266-Radio333333333333333333333333>. Skipping
2024-02-27 08:28:02 2024-02-27T02:58:02.582Z sketches-service WARN Mismatching sketch file <vertical_gauges.ino> and sketch folder name <vertical_Gauges>. Skipping
2024-02-27 08:28:02 2024-02-27T02:58:02.582Z sketches-service WARN Mismatching sketch file <esp8266-Radio.ino> and sketch folder name <esp8266-Radio333333333333333333333333>. Skipping
2024-02-27 08:28:02 2024-02-27T02:58:02.582Z sketches-service WARN Mismatching sketch file <ir_remote_nodemcu.ino> and sketch folder name <tmp>. Skipping
2024-02-27 08:28:02 2024-02-27T02:58:02.582Z sketches-service WARN Mismatching sketch file <Radio.ino> and sketch folder name <esp8266-Radio>. Skipping
2024-02-27 08:28:02 2024-02-27T02:58:02.582Z sketches-service WARN Mismatching sketch file <smocktest.ino> and sketch folder name <src>. Skipping
2024-02-27 08:28:02 2024-02-27T02:58:02.582Z sketches-service WARN Mismatching sketch file <Radio.ino> and sketch folder name <esp8266-Radio333333333333333333333333>. Skipping
2024-02-27 08:28:02 2024-02-27T02:58:02.582Z sketches-service WARN Mismatching sketch file <vertical_gauges.ino> and sketch folder name <vertical_Gauges>. Skipping
2024-02-27 08:28:02 2024-02-27T02:58:02.582Z sketches-service WARN Mismatching sketch file <esp8266-Radio.ino> and sketch folder name <esp8266-Radio333333333333333333333333>. Skipping
2024-02-27 08:28:02 2024-02-27T02:58:02.730Z root INFO Starting language server: esp8266:esp8266:nodemcuv2:led=2,baud=921600,xtal=160,eesz=4M2M,dbg=Disabled,lvl=None____,ip=lm2f,vt=flash,exception=disabled,stacksmash=disabled,wipe=all,ssl=all,mmu=3232,non32xfer=fast
2024-02-27 08:28:02 2024-02-27T02:58:02.903Z daemon INFO time="2024-02-27T08:28:02+05:30" level=info msg="Required tool" tool="esp8266:mklittlefs@3.1.0-gcc10.3-e5f9fec"
time="2024-02-27T08:28:02+05:30" level=info msg="Required tool" tool="esp8266:mkspiffs@3.1.0-gcc10.3-e5f9fec"
time="2024-02-27T08:28:02+05:30" level=info msg="Required tool" tool="esp8266:python3@3.7.2-post1"
time="2024-02-27T08:28:02+05:30" level=info msg="Required tool" tool="esp8266:xtensa-lx106-elf-gcc@3.1.0-gcc10.3-e5f9fec"
2024-02-27 08:28:02 2024-02-27T02:58:02.904Z daemon INFO time="2024-02-27T08:28:02+05:30" level=info msg="Required tool" tool="esp8266:mklittlefs@3.1.0-gcc10.3-e5f9fec"
time="2024-02-27T08:28:02+05:30" level=info msg="Required tool" tool="esp8266:mkspiffs@3.1.0-gcc10.3-e5f9fec"
2024-02-27 08:28:02 2024-02-27T02:58:02.904Z daemon INFO time="2024-02-27T08:28:02+05:30" level=info msg="Required tool" tool="esp8266:python3@3.7.2-post1"
time="2024-02-27T08:28:02+05:30" level=info msg="Required tool" tool="esp8266:xtensa-lx106-elf-gcc@3.1.0-gcc10.3-e5f9fec"
2024-02-27 08:28:02 2024-02-27T02:58:02.904Z daemon INFO time="2024-02-27T08:28:02+05:30" level=info msg="Adding libraries dir" dir=/home/akash/.arduino15/libraries location=ide
time="2024-02-27T08:28:02+05:30" level=info msg="Adding libraries dir" dir=/home/akash/.arduino15/packages/esp8266/hardware/esp8266/3.1.2/libraries location=platform
time="2024-02-27T08:28:02+05:30" level=info msg="Adding libraries dir" dir=/home/akash/doc/code/Arduino/libraries location=user
2024-02-27 08:28:03 2024-02-27T02:58:03.143Z daemon INFO time="2024-02-27T08:28:03+05:30" level=info msg="Required tool" tool="esp8266:mklittlefs@3.1.0-gcc10.3-e5f9fec"
time="2024-02-27T08:28:03+05:30" level=info msg="Required tool" tool="esp8266:mkspiffs@3.1.0-gcc10.3-e5f9fec"
time="2024-02-27T08:28:03+05:30" level=info msg="Required tool" tool="esp8266:python3@3.7.2-post1"
time="2024-02-27T08:28:03+05:30" level=info msg="Required tool" tool="esp8266:xtensa-lx106-elf-gcc@3.1.0-gcc10.3-e5f9fec"
2024-02-27 08:28:03 2024-02-27T02:58:03.167Z daemon INFO time="2024-02-27T08:28:03+05:30" level=info msg="Required tool" tool="esp8266:mklittlefs@3.1.0-gcc10.3-e5f9fec"
time="2024-02-27T08:28:03+05:30" level=info msg="Required tool" tool="esp8266:mkspiffs@3.1.0-gcc10.3-e5f9fec"
time="2024-02-27T08:28:03+05:30" level=info msg="Required tool" tool="esp8266:python3@3.7.2-post1"
time="2024-02-27T08:28:03+05:30" level=info msg="Required tool" tool="esp8266:xtensa-lx106-elf-gcc@3.1.0-gcc10.3-e5f9fec"
2024-02-27 08:28:03 2024-02-27T02:58:03.177Z daemon INFO time="2024-02-27T08:28:03+05:30" level=info msg="Required tool" tool="esp8266:mklittlefs@3.1.0-gcc10.3-e5f9fec"
time="2024-02-27T08:28:03+05:30" level=info msg="Required tool" tool="esp8266:mkspiffs@3.1.0-gcc10.3-e5f9fec"
time="2024-02-27T08:28:03+05:30" level=info msg="Required tool" tool="esp8266:python3@3.7.2-post1"
time="2024-02-27T08:28:03+05:30" level=info msg="Required tool" tool="esp8266:xtensa-lx106-elf-gcc@3.1.0-gcc10.3-e5f9fec"
2024-02-27 08:28:03 2024-02-27T02:58:03.177Z daemon INFO time="2024-02-27T08:28:03+05:30" level=info msg="Required tool" tool="esp8266:mklittlefs@3.1.0-gcc10.3-e5f9fec"
time="2024-02-27T08:28:03+05:30" level=info msg="Required tool" tool="esp8266:mkspiffs@3.1.0-gcc10.3-e5f9fec"
time="2024-02-27T08:28:03+05:30" level=info msg="Required tool" tool="esp8266:python3@3.7.2-post1"
time="2024-02-27T08:28:03+05:30" level=info msg="Required tool" tool="esp8266:xtensa-lx106-elf-gcc@3.1.0-gcc10.3-e5f9fec"
2024-02-27 08:28:03 2024-02-27T02:58:03.178Z daemon INFO time="2024-02-27T08:28:03+05:30" level=info msg="Required tool" tool="esp8266:mklittlefs@3.1.0-gcc10.3-e5f9fec"
time="2024-02-27T08:28:03+05:30" level=info msg="Required tool" tool="esp8266:mkspiffs@3.1.0-gcc10.3-e5f9fec"
time="2024-02-27T08:28:03+05:30" level=info msg="Required tool" tool="esp8266:python3@3.7.2-post1"
time="2024-02-27T08:28:03+05:30" level=info msg="Required tool" tool="esp8266:xtensa-lx106-elf-gcc@3.1.0-gcc10.3-e5f9fec"
2024-02-27 08:28:03 2024-02-27T02:58:03.179Z daemon INFO time="2024-02-27T08:28:03+05:30" level=info msg="Adding libraries dir" dir=/home/akash/.arduino15/libraries location=ide
time="2024-02-27T08:28:03+05:30" level=info msg="Adding libraries dir" dir=/home/akash/.arduino15/packages/esp8266/hardware/esp8266/3.1.2/libraries location=platform
time="2024-02-27T08:28:03+05:30" level=info msg="Adding libraries dir" dir=/home/akash/doc/code/Arduino/libraries location=user
2024-02-27 08:28:03 2024-02-27T02:58:03.200Z daemon INFO time="2024-02-27T08:28:03+05:30" level=info msg="Required tool" tool="esp8266:mklittlefs@3.1.0-gcc10.3-e5f9fec"
time="2024-02-27T08:28:03+05:30" level=info msg="Required tool" tool="esp8266:mkspiffs@3.1.0-gcc10.3-e5f9fec"
time="2024-02-27T08:28:03+05:30" level=info msg="Required tool" tool="esp8266:python3@3.7.2-post1"
time="2024-02-27T08:28:03+05:30" level=info msg="Required tool" tool="esp8266:xtensa-lx106-elf-gcc@3.1.0-gcc10.3-e5f9fec"
2024-02-27 08:28:03 2024-02-27T02:58:03.233Z daemon INFO time="2024-02-27T08:28:03+05:30" level=info msg="Required tool" tool="esp8266:mklittlefs@3.1.0-gcc10.3-e5f9fec"
time="2024-02-27T08:28:03+05:30" level=info msg="Required tool" tool="esp8266:mkspiffs@3.1.0-gcc10.3-e5f9fec"
time="2024-02-27T08:28:03+05:30" level=info msg="Required tool" tool="esp8266:python3@3.7.2-post1"
time="2024-02-27T08:28:03+05:30" level=info msg="Required tool" tool="esp8266:xtensa-lx106-elf-gcc@3.1.0-gcc10.3-e5f9fec"
2024-02-27 08:28:03 2024-02-27T02:58:03.250Z daemon INFO time="2024-02-27T08:28:03+05:30" level=info msg="Required tool" tool="esp8266:mklittlefs@3.1.0-gcc10.3-e5f9fec"
time="2024-02-27T08:28:03+05:30" level=info msg="Required tool" tool="esp8266:mkspiffs@3.1.0-gcc10.3-e5f9fec"
2024-02-27 08:28:03 2024-02-27T02:58:03.251Z daemon INFO time="2024-02-27T08:28:03+05:30" level=info msg="Required tool" tool="esp8266:python3@3.7.2-post1"
time="2024-02-27T08:28:03+05:30" level=info msg="Required tool" tool="esp8266:xtensa-lx106-elf-gcc@3.1.0-gcc10.3-e5f9fec"
2024-02-27 08:28:03 2024-02-27T02:58:03.274Z daemon INFO time="2024-02-27T08:28:03+05:30" level=info msg="Resolving include Adafruit_GFX.h for arch esp8266"
time="2024-02-27T08:28:03+05:30" level=info msg="  found better lib" lib="Adafruit GFX Library" prio=517
2024-02-27 08:28:03 2024-02-27T02:58:03.288Z daemon INFO time="2024-02-27T08:28:03+05:30" level=info msg="Required tool" tool="esp8266:mklittlefs@3.1.0-gcc10.3-e5f9fec"
time="2024-02-27T08:28:03+05:30" level=info msg="Required tool" tool="esp8266:mkspiffs@3.1.0-gcc10.3-e5f9fec"
time="2024-02-27T08:28:03+05:30" level=info msg="Required tool" tool="esp8266:python3@3.7.2-post1"
time="2024-02-27T08:28:03+05:30" level=info msg="Required tool" tool="esp8266:xtensa-lx106-elf-gcc@3.1.0-gcc10.3-e5f9fec"
2024-02-27 08:28:03 2024-02-27T02:58:03.459Z daemon INFO time="2024-02-27T08:28:03+05:30" level=info msg="Resolving include Adafruit_I2CDevice.h for arch esp8266"
time="2024-02-27T08:28:03+05:30" level=info msg="  found better lib" lib="Adafruit BusIO" prio=3EB
2024-02-27 08:28:03 2024-02-27T02:58:03.481Z daemon INFO time="2024-02-27T08:28:03+05:30" level=info msg="Resolving include Adafruit_GFX.h for arch esp8266"
time="2024-02-27T08:28:03+05:30" level=info msg="  found better lib" lib="Adafruit GFX Library" prio=517
2024-02-27 08:28:03 2024-02-27T02:58:03.662Z daemon INFO time="2024-02-27T08:28:03+05:30" level=info msg="Resolving include Wire.h for arch esp8266"
time="2024-02-27T08:28:03+05:30" level=info msg="  found better lib" lib=Wire prio=6B0
2024-02-27 08:28:03 2024-02-27T02:58:03.685Z daemon INFO time="2024-02-27T08:28:03+05:30" level=info msg="Resolving include Adafruit_I2CDevice.h for arch esp8266"
time="2024-02-27T08:28:03+05:30" level=info msg="  found better lib" lib="Adafruit BusIO" prio=3EB
2024-02-27 08:28:03 2024-02-27T02:58:03.839Z daemon INFO time="2024-02-27T08:28:03+05:30" level=info msg="Resolving include SPI.h for arch esp8266"
time="2024-02-27T08:28:03+05:30" level=info msg="  found better lib" lib=SPI prio=6B0
2024-02-27 08:28:03 2024-02-27T02:58:03.860Z daemon INFO time="2024-02-27T08:28:03+05:30" level=info msg="Resolving include Wire.h for arch esp8266"
time="2024-02-27T08:28:03+05:30" level=info msg="  found better lib" lib=Wire prio=6B0
2024-02-27 08:28:04 2024-02-27T02:58:04.048Z daemon INFO time="2024-02-27T08:28:04+05:30" level=info msg="Resolving include Adafruit_NeoMatrix.h for arch esp8266"
time="2024-02-27T08:28:04+05:30" level=info msg="  found better lib" lib="Adafruit NeoMatrix" prio=6A7
2024-02-27 08:28:04 2024-02-27T02:58:04.053Z daemon INFO time="2024-02-27T08:28:04+05:30" level=info msg="Resolving include SPI.h for arch esp8266"
time="2024-02-27T08:28:04+05:30" level=info msg="  found better lib" lib=SPI prio=6B0
2024-02-27 08:28:04 2024-02-27T02:58:04.232Z daemon INFO time="2024-02-27T08:28:04+05:30" level=info msg="Resolving include Adafruit_NeoMatrix.h for arch esp8266"
time="2024-02-27T08:28:04+05:30" level=info msg="  found better lib" lib="Adafruit NeoMatrix" prio=6A7
2024-02-27 08:28:04 2024-02-27T02:58:04.240Z daemon INFO time="2024-02-27T08:28:04+05:30" level=info msg="Resolving include Adafruit_NeoPixel.h for arch esp8266"
time="2024-02-27T08:28:04+05:30" level=info msg="  found better lib" lib="Adafruit NeoPixel" prio=6A7
2024-02-27 08:28:04 2024-02-27T02:58:04.393Z daemon INFO time="2024-02-27T08:28:04+05:30" level=info msg="Resolving include Adafruit_NeoPixel.h for arch esp8266"
time="2024-02-27T08:28:04+05:30" level=info msg="  found better lib" lib="Adafruit NeoPixel" prio=6A7
2024-02-27 08:28:07 2024-02-27T02:58:07.095Z daemon INFO time="2024-02-27T08:28:07+05:30" level=info msg="Required tool" tool="esp8266:mklittlefs@3.1.0-gcc10.3-e5f9fec"
time="2024-02-27T08:28:07+05:30" level=info msg="Required tool" tool="esp8266:mkspiffs@3.1.0-gcc10.3-e5f9fec"
2024-02-27 08:28:07 2024-02-27T02:58:07.095Z daemon INFO time="2024-02-27T08:28:07+05:30" level=info msg="Required tool" tool="esp8266:python3@3.7.2-post1"
time="2024-02-27T08:28:07+05:30" level=info msg="Required tool" tool="esp8266:xtensa-lx106-elf-gcc@3.1.0-gcc10.3-e5f9fec"
2024-02-27 08:28:07 2024-02-27T02:58:07.095Z daemon INFO time="2024-02-27T08:28:07+05:30" level=info msg="Required tool" tool="esp8266:mklittlefs@3.1.0-gcc10.3-e5f9fec"
time="2024-02-27T08:28:07+05:30" level=info msg="Required tool" tool="esp8266:mkspiffs@3.1.0-gcc10.3-e5f9fec"
time="2024-02-27T08:28:07+05:30" level=info msg="Required tool" tool="esp8266:python3@3.7.2-post1"
time="2024-02-27T08:28:07+05:30" level=info msg="Required tool" tool="esp8266:xtensa-lx106-elf-gcc@3.1.0-gcc10.3-e5f9fec"
2024-02-27 08:28:07 2024-02-27T02:58:07.096Z daemon INFO time="2024-02-27T08:28:07+05:30" level=info msg="Required tool" tool="esp8266:mklittlefs@3.1.0-gcc10.3-e5f9fec"
time="2024-02-27T08:28:07+05:30" level=info msg="Required tool" tool="esp8266:mkspiffs@3.1.0-gcc10.3-e5f9fec"
2024-02-27 08:28:07 2024-02-27T02:58:07.096Z daemon INFO time="2024-02-27T08:28:07+05:30" level=info msg="Required tool" tool="esp8266:python3@3.7.2-post1"
time="2024-02-27T08:28:07+05:30" level=info msg="Required tool" tool="esp8266:xtensa-lx106-elf-gcc@3.1.0-gcc10.3-e5f9fec"
2024-02-27 08:28:30 2024-02-27T02:58:30.874Z root INFO Executing 'arduino.languageserver.notifyBuildDidComplete' with "file:///tmp/arduino/sketches/3C1E312D0591C6D401EAB2BF21694E60"
2024-02-27 08:28:31 2024-02-27T02:58:31.072Z daemon INFO time="2024-02-27T08:28:31+05:30" level=info msg="Required tool" tool="esp8266:mklittlefs@3.1.0-gcc10.3-e5f9fec"
time="2024-02-27T08:28:31+05:30" level=info msg="Required tool" tool="esp8266:mkspiffs@3.1.0-gcc10.3-e5f9fec"
time="2024-02-27T08:28:31+05:30" level=info msg="Required tool" tool="esp8266:python3@3.7.2-post1"
2024-02-27 08:28:31 2024-02-27T02:58:31.073Z daemon INFO time="2024-02-27T08:28:31+05:30" level=info msg="Required tool" tool="esp8266:xtensa-lx106-elf-gcc@3.1.0-gcc10.3-e5f9fec"
2024-02-27 08:28:32 2024-02-27T02:58:32.100Z daemon INFO time="2024-02-27T08:28:32+05:30" level=info msg="Required tool" tool="esp8266:mklittlefs@3.1.0-gcc10.3-e5f9fec"
time="2024-02-27T08:28:32+05:30" level=info msg="Required tool" tool="esp8266:mkspiffs@3.1.0-gcc10.3-e5f9fec"
time="2024-02-27T08:28:32+05:30" level=info msg="Required tool" tool="esp8266:python3@3.7.2-post1"
time="2024-02-27T08:28:32+05:30" level=info msg="Required tool" tool="esp8266:xtensa-lx106-elf-gcc@3.1.0-gcc10.3-e5f9fec"
2024-02-27 08:28:32 2024-02-27T02:58:32.101Z daemon INFO time="2024-02-27T08:28:32+05:30" level=info msg="Required tool" tool="esp8266:mklittlefs@3.1.0-gcc10.3-e5f9fec"
time="2024-02-27T08:28:32+05:30" level=info msg="Required tool" tool="esp8266:mkspiffs@3.1.0-gcc10.3-e5f9fec"
time="2024-02-27T08:28:32+05:30" level=info msg="Required tool" tool="esp8266:python3@3.7.2-post1"
time="2024-02-27T08:28:32+05:30" level=info msg="Required tool" tool="esp8266:xtensa-lx106-elf-gcc@3.1.0-gcc10.3-e5f9fec"
2024-02-27 08:28:32 2024-02-27T02:58:32.101Z daemon INFO time="2024-02-27T08:28:32+05:30" level=info msg="Required tool" tool="esp8266:mklittlefs@3.1.0-gcc10.3-e5f9fec"
time="2024-02-27T08:28:32+05:30" level=info msg="Required tool" tool="esp8266:mkspiffs@3.1.0-gcc10.3-e5f9fec"
2024-02-27 08:28:32 2024-02-27T02:58:32.102Z daemon INFO time="2024-02-27T08:28:32+05:30" level=info msg="Required tool" tool="esp8266:python3@3.7.2-post1"
time="2024-02-27T08:28:32+05:30" level=info msg="Required tool" tool="esp8266:xtensa-lx106-elf-gcc@3.1.0-gcc10.3-e5f9fec"
2024-02-27 08:28:44 2024-02-27T02:58:44.252Z root INFO Received port after upload [arduino+serial:///dev/ttyUSB0, esp8266:esp8266:nodemcuv2:led=2,baud=921600,xtal=160,eesz=4M2M,dbg=Disabled,lvl=None____,ip=lm2f,vt=flash,exception=disabled,stacksmash=disabled,wipe=all,ssl=all,mmu=3232,non32xfer=fast, pixel_led]. Before port: {"address":"/dev/ttyUSB0","addressLabel":"/dev/ttyUSB0","protocol":"serial","protocolLabel":"Serial Port (USB)","properties":{"pid":"0x7523","serialNumber":"","vid":"0x1a86"}}, after port: {"address":"/dev/ttyUSB0","addressLabel":"/dev/ttyUSB0","protocol":"serial","protocolLabel":"Serial Port (USB)","properties":{"pid":"0x7523","serialNumber":"","vid":"0x1a86"}}
