shfmt hasn't downloaded yet!Error: ENOENT: no such file or directory, stat '/home/akash/.vscode-oss/extensions/foxundermoon.shell-format-7.0.1-universal/bin/shfmt_v3.0.1_linux_amd64'
Shfmt will be downloaded automatically!
download url: https://github.com/mvdan/sh/releases/download/v3.0.1/shfmt_v3.0.1_linux_amd64
download to: /home/akash/.vscode-oss/extensions/foxundermoon.shell-format-7.0.1-universal/bin/shfmt_v3.0.1_linux_amd64
If the download fails, you can manually download it to the dest directory.
Or download to another directory, and then set the "shellformat.path" as the path
download shfmt page: https://github.com/mvdan/sh/releases
You can't use this plugin until the download is successful.
downloaded:[0.54%]
downloaded:[1.09%]
downloaded:[1.63%]
downloaded:[2.17%]
downloaded:[2.72%]
downloaded:[3.26%]
downloaded:[3.80%]
downloaded:[4.35%]
downloaded:[4.89%]
downloaded:[5.43%]
downloaded:[5.98%]
downloaded:[6.52%]
downloaded:[7.07%]
downloaded:[7.61%]
downloaded:[8.15%]
downloaded:[8.49%]
downloaded:[9.03%]
downloaded:[9.57%]
downloaded:[10.12%]
downloaded:[10.66%]
downloaded:[11.20%]
downloaded:[11.75%]
downloaded:[12.29%]
downloaded:[12.83%]
downloaded:[13.38%]
downloaded:[13.92%]
downloaded:[14.46%]
downloaded:[15.01%]
downloaded:[15.55%]
downloaded:[16.09%]
downloaded:[16.64%]
downloaded:[17.18%]
downloaded:[17.72%]
downloaded:[18.27%]
downloaded:[18.81%]
downloaded:[19.36%]
downloaded:[19.90%]
downloaded:[20.44%]
downloaded:[20.99%]
downloaded:[21.53%]
downloaded:[22.07%]
downloaded:[22.62%]
downloaded:[23.16%]
downloaded:[23.70%]
downloaded:[24.25%]
downloaded:[24.79%]
downloaded:[25.33%]
downloaded:[25.88%]
downloaded:[26.42%]
downloaded:[26.96%]
downloaded:[27.51%]
downloaded:[27.88%]
downloaded:[28.42%]
downloaded:[28.97%]
downloaded:[29.51%]
downloaded:[30.05%]
downloaded:[30.60%]
downloaded:[31.14%]
downloaded:[31.69%]
downloaded:[32.23%]
downloaded:[32.77%]
downloaded:[33.32%]
downloaded:[33.86%]
downloaded:[34.40%]
downloaded:[34.95%]
downloaded:[35.49%]
downloaded:[36.03%]
downloaded:[36.58%]
downloaded:[37.12%]
downloaded:[37.66%]
downloaded:[38.21%]
downloaded:[38.75%]
downloaded:[39.29%]
downloaded:[39.84%]
downloaded:[40.38%]
downloaded:[40.92%]
downloaded:[41.47%]
downloaded:[42.01%]
downloaded:[42.55%]
downloaded:[43.10%]
downloaded:[43.64%]
downloaded:[44.19%]
downloaded:[44.73%]
downloaded:[45.27%]
downloaded:[45.82%]
downloaded:[46.36%]
downloaded:[46.90%]
downloaded:[47.28%]
downloaded:[47.82%]
downloaded:[48.36%]
downloaded:[48.91%]
downloaded:[49.45%]
downloaded:[49.99%]
downloaded:[50.54%]
downloaded:[51.08%]
downloaded:[51.62%]
downloaded:[52.17%]
downloaded:[52.71%]
downloaded:[53.25%]
downloaded:[53.80%]
downloaded:[54.34%]
downloaded:[54.88%]
downloaded:[55.43%]
downloaded:[55.97%]
downloaded:[56.52%]
downloaded:[57.06%]
downloaded:[57.60%]
downloaded:[58.15%]
downloaded:[58.69%]
downloaded:[59.23%]
downloaded:[59.78%]
downloaded:[60.32%]
downloaded:[60.86%]
downloaded:[61.41%]
downloaded:[61.95%]
downloaded:[62.49%]
downloaded:[63.04%]
downloaded:[63.58%]
downloaded:[64.12%]
downloaded:[64.67%]
downloaded:[65.21%]
downloaded:[65.75%]
downloaded:[66.30%]
downloaded:[66.67%]
downloaded:[67.22%]
downloaded:[67.76%]
downloaded:[68.30%]
downloaded:[68.85%]
downloaded:[69.39%]
downloaded:[69.93%]
downloaded:[70.48%]
downloaded:[71.02%]
downloaded:[71.56%]
downloaded:[72.11%]
downloaded:[72.65%]
downloaded:[73.19%]
downloaded:[73.74%]
downloaded:[74.28%]
downloaded:[74.41%]
downloaded:[74.96%]
downloaded:[75.50%]
downloaded:[76.04%]
downloaded:[76.59%]
downloaded:[77.13%]
downloaded:[77.67%]
downloaded:[78.22%]
downloaded:[78.76%]
downloaded:[79.31%]
downloaded:[79.85%]
downloaded:[80.39%]
downloaded:[80.94%]
downloaded:[81.48%]
downloaded:[82.02%]
downloaded:[82.57%]
downloaded:[82.90%]
downloaded:[83.44%]
downloaded:[83.99%]
downloaded:[84.53%]
downloaded:[85.07%]
downloaded:[85.62%]
downloaded:[86.16%]
downloaded:[86.70%]
downloaded:[87.25%]
downloaded:[87.79%]
downloaded:[88.33%]
downloaded:[88.88%]
downloaded:[89.42%]
downloaded:[89.96%]
downloaded:[90.51%]
downloaded:[91.05%]
downloaded:[91.60%]
downloaded:[92.14%]
downloaded:[92.68%]
downloaded:[93.23%]
downloaded:[93.77%]
downloaded:[94.31%]
downloaded:[94.86%]
downloaded:[95.40%]
downloaded:[95.94%]
downloaded:[96.49%]
downloaded:[97.03%]
downloaded:[97.57%]
downloaded:[98.12%]
downloaded:[98.66%]
downloaded:[99.20%]
downloaded:[99.75%]
downloaded:[100.00%]
download success, You can use it successfully!
Suggestions or issues can be submitted here https://git.io/vsshell-issues
