--------------------------------------------------------------------------------
[Mar 09, 2024, 2:35:14.4 PM:ERROR:get_available.cc(63)] Unexpected HTTP status: 426
[Mar 09, 2024, 2:35:16.2 PM:ERROR:refill_confirmation_tokens.cc(197)] Failed to get signed tokens
[Mar 09, 2024, 2:39:18.6 PM:ERROR:redeem_reward_confirmation.cc(141)] Payment token is not ready
[Mar 09, 2024, 2:39:52.1 PM:ERROR:redeem_reward_confirmation.cc(141)] Payment token is not ready
[Mar 09, 2024, 2:42:18.6 PM:ERROR:redeem_reward_confirmation.cc(141)] Payment token is not ready
[Mar 09, 2024, 2:42:55.9 PM:ERROR:publisher.cc(625)] Publisher info not found
[Mar 09, 2024, 2:42:55.9 PM:ERROR:publisher.cc(625)] Publisher info not found
[Mar 09, 2024, 2:43:07.3 PM:ERROR:publisher.cc(625)] Publisher info not found
[Mar 09, 2024, 2:43:39.4 PM:ERROR:publisher.cc(625)] Publisher info not found
[Mar 09, 2024, 2:47:25.3 PM:ERROR:publisher.cc(625)] Publisher info not found
--------------------------------------------------------------------------------
[Mar 09, 2024, 2:54:18.0 PM:ERROR:redeem_reward_confirmation.cc(141)] Payment token is not ready
[Mar 09, 2024, 4:13:12.6 PM:ERROR:redeem_reward_confirmation.cc(141)] Payment token is not ready
[Mar 09, 2024, 4:32:36.6 PM:ERROR:redeem_reward_confirmation.cc(141)] Payment token is not ready
[Mar 09, 2024, 4:33:37.5 PM:ERROR:redeem_reward_confirmation.cc(141)] Payment token is not ready
[Mar 09, 2024, 4:36:38.7 PM:ERROR:redeem_reward_confirmation.cc(141)] Payment token is not ready
[Mar 09, 2024, 5:25:22.0 PM:ERROR:redeem_reward_confirmation.cc(141)] Payment token is not ready
[Mar 09, 2024, 5:30:12.7 PM:ERROR:reward_confirmation_util.cc(56)] Failed to get confirmation token
[Mar 09, 2024, 5:30:12.7 PM:ERROR:reward_confirmation_util.cc(122)] Failed to create reward
[Mar 09, 2024, 5:30:12.7 PM:ERROR:confirmations.cc(62)] Failed to create confirmation
[Mar 09, 2024, 5:31:29.1 PM:ERROR:reward_confirmation_util.cc(56)] Failed to get confirmation token
[Mar 09, 2024, 5:31:29.1 PM:ERROR:reward_confirmation_util.cc(122)] Failed to create reward
[Mar 09, 2024, 5:31:29.1 PM:ERROR:confirmations.cc(62)] Failed to create confirmation
[Mar 09, 2024, 5:44:15.4 PM:ERROR:publisher.cc(625)] Publisher info not found
[Mar 09, 2024, 5:45:18.4 PM:ERROR:publisher.cc(625)] Publisher info not found
[Mar 09, 2024, 5:47:21.9 PM:ERROR:redeem_reward_confirmation.cc(141)] Payment token is not ready
[Mar 09, 2024, 5:53:17.2 PM:ERROR:publisher.cc(625)] Publisher info not found
[Mar 09, 2024, 5:53:57.7 PM:ERROR:redeem_reward_confirmation.cc(141)] Payment token is not ready
[Mar 09, 2024, 5:55:39.5 PM:ERROR:publisher.cc(625)] Publisher info not found
[Mar 09, 2024, 5:59:26.2 PM:ERROR:publisher.cc(625)] Publisher info not found
[Mar 09, 2024, 6:04:44.1 PM:ERROR:publisher.cc(625)] Publisher info not found
[Mar 09, 2024, 6:04:56.1 PM:ERROR:publisher.cc(625)] Publisher info not found
[Mar 09, 2024, 6:04:56.1 PM:ERROR:publisher.cc(625)] Publisher info not found
[Mar 09, 2024, 6:04:56.9 PM:ERROR:publisher.cc(625)] Publisher info not found
[Mar 09, 2024, 6:06:57.8 PM:ERROR:publisher.cc(625)] Publisher info not found
[Mar 09, 2024, 6:07:47.4 PM:ERROR:publisher.cc(625)] Publisher info not found
[Mar 09, 2024, 7:31:22.2 PM:ERROR:publisher.cc(713)] Failed to retrieve publisher info while updating media duration
[Mar 09, 2024, 7:31:22.2 PM:ERROR:publisher.cc(713)] Failed to retrieve publisher info while updating media duration
[Mar 09, 2024, 7:31:22.7 PM:ERROR:publisher.cc(625)] Publisher info not found
--------------------------------------------------------------------------------
[Mar 09, 2024, 9:31:02.2 PM:ERROR:redeem_reward_confirmation.cc(141)] Payment token is not ready
[Mar 09, 2024, 9:52:05.6 PM:ERROR:redeem_reward_confirmation.cc(141)] Payment token is not ready
--------------------------------------------------------------------------------
[Mar 10, 2024, 4:04:01.5 PM:ERROR:get_available.cc(63)] Unexpected HTTP status: 426
[Mar 10, 2024, 4:06:49.4 PM:ERROR:publisher.cc(625)] Publisher info not found
[Mar 10, 2024, 4:58:46.3 PM:ERROR:redeem_reward_confirmation.cc(141)] Payment token is not ready
[Mar 10, 2024, 4:59:21.4 PM:ERROR:publisher.cc(625)] Publisher info not found
[Mar 10, 2024, 4:59:21.4 PM:ERROR:publisher.cc(625)] Publisher info not found
[Mar 10, 2024, 6:14:32.1 PM:ERROR:publisher.cc(625)] Publisher info not found
[Mar 10, 2024, 6:16:23.2 PM:ERROR:publisher.cc(713)] Failed to retrieve publisher info while updating media duration
[Mar 10, 2024, 6:16:23.2 PM:ERROR:publisher.cc(713)] Failed to retrieve publisher info while updating media duration
[Mar 10, 2024, 6:16:23.2 PM:ERROR:publisher.cc(713)] Failed to retrieve publisher info while updating media duration
[Mar 10, 2024, 6:16:23.3 PM:ERROR:publisher.cc(625)] Publisher info not found
[Mar 10, 2024, 6:16:44.4 PM:ERROR:publisher.cc(625)] Publisher info not found
[Mar 10, 2024, 6:17:42.5 PM:ERROR:publisher.cc(625)] Publisher info not found
[Mar 10, 2024, 6:20:03.5 PM:ERROR:publisher.cc(625)] Publisher info not found
[Mar 10, 2024, 6:25:31.9 PM:ERROR:publisher.cc(625)] Publisher info not found
[Mar 10, 2024, 6:27:00.9 PM:ERROR:publisher.cc(625)] Publisher info not found
[Mar 10, 2024, 6:27:49.0 PM:ERROR:publisher.cc(625)] Publisher info not found
[Mar 10, 2024, 6:31:09.9 PM:ERROR:redeem_reward_confirmation.cc(141)] Payment token is not ready
[Mar 10, 2024, 6:37:42.8 PM:ERROR:redeem_reward_confirmation.cc(141)] Payment token is not ready
[Mar 10, 2024, 6:37:44.8 PM:ERROR:publisher.cc(625)] Publisher info not found
[Mar 10, 2024, 6:49:33.5 PM:ERROR:publisher.cc(625)] Publisher info not found
[Mar 10, 2024, 6:49:33.5 PM:ERROR:publisher.cc(625)] Publisher info not found
[Mar 10, 2024, 6:52:46.0 PM:ERROR:redeem_reward_confirmation.cc(141)] Payment token is not ready
[Mar 10, 2024, 7:03:47.8 PM:ERROR:redeem_reward_confirmation.cc(141)] Payment token is not ready
[Mar 10, 2024, 7:09:14.0 PM:ERROR:publisher.cc(625)] Publisher info not found
[Mar 10, 2024, 7:09:32.3 PM:ERROR:publisher.cc(625)] Publisher info not found
[Mar 10, 2024, 7:11:07.5 PM:ERROR:publisher.cc(625)] Publisher info not found
[Mar 10, 2024, 7:11:46.7 PM:ERROR:publisher.cc(625)] Publisher info not found
[Mar 10, 2024, 7:12:00.0 PM:ERROR:publisher.cc(625)] Publisher info not found
[Mar 10, 2024, 7:12:22.9 PM:ERROR:publisher.cc(625)] Publisher info not found
[Mar 10, 2024, 7:14:43.8 PM:ERROR:publisher.cc(625)] Publisher info not found
[Mar 10, 2024, 7:32:00.3 PM:ERROR:publisher.cc(625)] Publisher info not found
[Mar 10, 2024, 7:32:55.0 PM:ERROR:publisher.cc(625)] Publisher info not found
[Mar 10, 2024, 7:35:05.7 PM:ERROR:publisher.cc(625)] Publisher info not found
[Mar 10, 2024, 7:38:30.9 PM:ERROR:redeem_reward_confirmation.cc(141)] Payment token is not ready
[Mar 10, 2024, 7:39:24.2 PM:ERROR:publisher.cc(625)] Publisher info not found
[Mar 10, 2024, 7:40:25.4 PM:ERROR:publisher.cc(625)] Publisher info not found
[Mar 10, 2024, 8:34:35.2 PM:ERROR:redeem_reward_confirmation.cc(141)] Payment token is not ready
[Mar 10, 2024, 8:55:55.8 PM:ERROR:redeem_reward_confirmation.cc(141)] Payment token is not ready
[Mar 10, 2024, 9:39:32.5 PM:ERROR:redeem_reward_confirmation.cc(141)] Payment token is not ready
[Mar 10, 2024, 9:58:46.9 PM:ERROR:redeem_reward_confirmation.cc(141)] Payment token is not ready
[Mar 10, 2024, 11:49:15.8 PM:ERROR:redeem_reward_confirmation.cc(141)] Payment token is not ready
[Mar 11, 2024, 12:29:17.1 AM:ERROR:redeem_reward_confirmation.cc(141)] Payment token is not ready
[Mar 11, 2024, 12:49:05.0 AM:ERROR:redeem_reward_confirmation.cc(141)] Payment token is not ready
[Mar 11, 2024, 12:55:21.9 AM:ERROR:redeem_reward_confirmation.cc(141)] Payment token is not ready
--------------------------------------------------------------------------------
[Mar 11, 2024, 7:33:54.7 AM:ERROR:redeem_reward_confirmation.cc(141)] Payment token is not ready
[Mar 11, 2024, 7:36:18.4 AM:ERROR:publisher.cc(625)] Publisher info not found
[Mar 11, 2024, 7:36:22.0 AM:ERROR:redeem_reward_confirmation.cc(141)] Payment token is not ready
[Mar 11, 2024, 7:49:08.8 AM:ERROR:redeem_reward_confirmation.cc(141)] Payment token is not ready
[Mar 11, 2024, 7:49:43.9 AM:ERROR:redeem_reward_confirmation.cc(141)] Payment token is not ready
[Mar 11, 2024, 7:51:44.1 AM:ERROR:redeem_reward_confirmation.cc(141)] Payment token is not ready
[Mar 11, 2024, 7:53:20.6 AM:ERROR:redeem_reward_confirmation.cc(141)] Payment token is not ready
[Mar 11, 2024, 7:59:13.0 AM:ERROR:redeem_reward_confirmation.cc(141)] Payment token is not ready
[Mar 11, 2024, 8:02:52.5 AM:ERROR:redeem_reward_confirmation.cc(141)] Payment token is not ready
[Mar 11, 2024, 8:04:34.9 AM:ERROR:redeem_reward_confirmation.cc(141)] Payment token is not ready
[Mar 11, 2024, 8:05:51.2 AM:ERROR:redeem_reward_confirmation.cc(141)] Payment token is not ready
[Mar 11, 2024, 8:07:58.5 AM:ERROR:redeem_reward_confirmation.cc(141)] Payment token is not ready
[Mar 11, 2024, 8:09:32.8 AM:ERROR:redeem_reward_confirmation.cc(141)] Payment token is not ready
[Mar 11, 2024, 8:10:14.1 AM:ERROR:redeem_reward_confirmation.cc(141)] Payment token is not ready
[Mar 11, 2024, 8:10:15.8 AM:ERROR:redeem_reward_confirmation.cc(141)] Payment token is not ready
[Mar 11, 2024, 8:37:52.9 AM:ERROR:redeem_reward_confirmation.cc(141)] Payment token is not ready
[Mar 11, 2024, 8:39:58.3 AM:ERROR:redeem_reward_confirmation.cc(141)] Payment token is not ready
[Mar 11, 2024, 8:41:22.6 AM:ERROR:redeem_reward_confirmation.cc(141)] Payment token is not ready
[Mar 11, 2024, 8:41:45.1 AM:ERROR:redeem_reward_confirmation.cc(141)] Payment token is not ready
[Mar 11, 2024, 8:42:21.3 AM:ERROR:redeem_reward_confirmation.cc(141)] Payment token is not ready
[Mar 11, 2024, 8:42:23.0 AM:ERROR:redeem_reward_confirmation.cc(141)] Payment token is not ready
[Mar 11, 2024, 8:52:08.5 AM:ERROR:publisher.cc(625)] Publisher info not found
[Mar 11, 2024, 8:52:35.4 AM:ERROR:publisher.cc(625)] Publisher info not found
--------------------------------------------------------------------------------
[Mar 11, 2024, 9:06:16.6 AM:ERROR:publisher.cc(625)] Publisher info not found
[Mar 11, 2024, 9:22:37.1 AM:ERROR:get_balance_zebpay.cc(46)] Access token expired!
[Mar 11, 2024, 9:22:37.1 AM:ERROR:wallet_balance.cc(80)] Failed to fetch balance for zebpay wallet!
[Mar 11, 2024, 9:22:37.2 AM:ERROR:wallet_balance.cc(80)] Failed to fetch balance for zebpay wallet!
[Mar 11, 2024, 9:22:37.2 AM:ERROR:wallet_balance.cc(80)] Failed to fetch balance for zebpay wallet!
[Mar 11, 2024, 9:23:14.5 AM:ERROR:wallet_balance.cc(80)] Failed to fetch balance for zebpay wallet!
[Mar 11, 2024, 9:24:03.4 AM:ERROR:wallet_balance.cc(80)] Failed to fetch balance for zebpay wallet!
[Mar 11, 2024, 9:24:03.5 AM:ERROR:wallet_balance.cc(80)] Failed to fetch balance for zebpay wallet!
[Mar 11, 2024, 9:24:03.5 AM:ERROR:wallet_balance.cc(80)] Failed to fetch balance for zebpay wallet!
[Mar 11, 2024, 9:24:03.6 AM:ERROR:wallet_balance.cc(80)] Failed to fetch balance for zebpay wallet!
[Mar 11, 2024, 10:58:24.2 AM:ERROR:publisher.cc(625)] Publisher info not found
[Mar 11, 2024, 10:58:24.2 AM:ERROR:publisher.cc(625)] Publisher info not found
[Mar 11, 2024, 11:00:57.8 AM:ERROR:publisher.cc(625)] Publisher info not found
[Mar 11, 2024, 2:29:03.7 PM:ERROR:redeem_reward_confirmation.cc(141)] Payment token is not ready
[Mar 11, 2024, 3:02:43.1 PM:ERROR:redeem_reward_confirmation.cc(141)] Payment token is not ready
--------------------------------------------------------------------------------
[Mar 11, 2024, 3:59:54.6 PM:ERROR:publisher.cc(713)] Failed to retrieve publisher info while updating media duration
[Mar 11, 2024, 3:59:55.4 PM:ERROR:publisher.cc(625)] Publisher info not found
[Mar 11, 2024, 4:04:01.5 PM:ERROR:get_available.cc(63)] Unexpected HTTP status: 426
[Mar 11, 2024, 4:13:01.2 PM:ERROR:redeem_reward_confirmation.cc(141)] Payment token is not ready
[Mar 11, 2024, 6:51:03.8 PM:ERROR:redeem_reward_confirmation.cc(141)] Payment token is not ready
